  accum.c
C:\sphinx\sphinxtrain\src\programs\bw\accum.c(129,35): warning C4244: '+=' : conversion de 'float64' en 'float32', perte possible de données
C:\sphinx\sphinxtrain\src\programs\bw\accum.c(234,22): warning C4018: '<' : incompatibilité signed/unsigned
C:\sphinx\sphinxtrain\src\programs\bw\accum.c(776,1): warning C4996: 'unlink': The POSIX name for this item is deprecated. Instead, use the ISO C and C++ conformant name: _unlink. See online help for details.
C:\Program Files (x86)\Windows Kits\10\Include\10.0.18362.0\ucrt\stdio.h(381): message : voir la déclaration de 'unlink'
C:\sphinx\sphinxtrain\src\programs\bw\accum.c(781,1): warning C4996: 'unlink': The POSIX name for this item is deprecated. Instead, use the ISO C and C++ conformant name: _unlink. See online help for details.
C:\Program Files (x86)\Windows Kits\10\Include\10.0.18362.0\ucrt\stdio.h(381): message : voir la déclaration de 'unlink'
C:\sphinx\sphinxtrain\src\programs\bw\accum.c(787,1): warning C4996: 'unlink': The POSIX name for this item is deprecated. Instead, use the ISO C and C++ conformant name: _unlink. See online help for details.
C:\Program Files (x86)\Windows Kits\10\Include\10.0.18362.0\ucrt\stdio.h(381): message : voir la déclaration de 'unlink'
C:\sphinx\sphinxtrain\src\programs\bw\accum.c(807,1): warning C4996: 'unlink': The POSIX name for this item is deprecated. Instead, use the ISO C and C++ conformant name: _unlink. See online help for details.
C:\Program Files (x86)\Windows Kits\10\Include\10.0.18362.0\ucrt\stdio.h(381): message : voir la déclaration de 'unlink'
C:\sphinx\sphinxtrain\src\programs\bw\accum.c(1026,44): warning C4244: '=' : conversion de 'double' en 'float32', perte possible de données
  backward.c
C:\sphinx\sphinxtrain\src\programs\bw\backward.c(611,72): warning C4244: '+=' : conversion de 'float64' en 'float32', perte possible de données
C:\sphinx\sphinxtrain\src\programs\bw\backward.c(833,26): warning C4244: '+=' : conversion de 'float64' en 'float32', perte possible de données
C:\sphinx\sphinxtrain\src\programs\bw\backward.c(1049,63): warning C4244: '+=' : conversion de 'float64' en 'float32', perte possible de données
  baum_welch.c
  forward.c
  main.c
C:\sphinx\sphinxtrain\src\programs\bw\main.c(279,68): warning C4244: '=' : conversion de 'double' en 'mfcc_t', perte possible de données
C:\sphinx\sphinxtrain\src\programs\bw\main.c(284,68): warning C4244: '=' : conversion de 'double' en 'mfcc_t', perte possible de données
C:\sphinx\sphinxtrain\src\programs\bw\main.c(776,34): warning C4018: '>' : incompatibilité signed/unsigned
C:\sphinx\sphinxtrain\src\programs\bw\main.c(1030,14): warning C4018: '<' : incompatibilité signed/unsigned
C:\sphinx\sphinxtrain\src\programs\bw\main.c(1039,18): warning C4018: '<' : incompatibilité signed/unsigned
C:\sphinx\sphinxtrain\src\programs\bw\main.c(1069,18): warning C4018: '<' : incompatibilité signed/unsigned
C:\sphinx\sphinxtrain\src\programs\bw\main.c(1088,14): warning C4018: '<' : incompatibilité signed/unsigned
C:\sphinx\sphinxtrain\src\programs\bw\main.c(1102,41): warning C4018: '<' : incompatibilité signed/unsigned
C:\sphinx\sphinxtrain\src\programs\bw\main.c(1684,37): warning C4018: '>' : incompatibilité signed/unsigned
  next_utt_states.c
C:\sphinx\sphinxtrain\src\programs\bw\next_utt_states.c(76,23): warning C4013: 'str2words' non défini(e) ; extern retournant int pris par défaut
  train_cmd_ln.c
  viterbi.c
C:\sphinx\sphinxtrain\src\programs\bw\viterbi.c(654,19): warning C4018: '<' : incompatibilité signed/unsigned
C:\sphinx\sphinxtrain\src\programs\bw\viterbi.c(763,19): warning C4018: '<' : incompatibilité signed/unsigned
  Génération de code en cours...
  bw.vcxproj -> C:\sphinx\sphinxtrain\win32\programs\bw\.\..\..\..\bin\Release\x64\bw.exe
