Current configuration:
[NAME]		[DEFLT]	[VALUE]
-accumdir		C:\Users\farha\Desktop\sphinx\other\bwaccumdir\other_buff_1,
-constE		3.0	3.000000e+00
-dcountfn		
-example	no	no
-fullvar	no	no
-help		no	no
-inmeanfn		
-inmixwfn		
-invarfn		
-meanfn			C:/Users/farha/Desktop/sphinx/other/model_parameters/other.ci_cont/means
-mixwfn			C:/Users/farha/Desktop/sphinx/other/model_parameters/other.ci_cont/mixture_weights
-mmie		no	no
-oaccumdir		
-regmatfn		
-tiedvar	no	no
-tmatfn			C:/Users/farha/Desktop/sphinx/other/model_parameters/other.ci_cont/transition_matrices
-varfn			C:/Users/farha/Desktop/sphinx/other/model_parameters/other.ci_cont/variances

INFO: main.c(207): Reading and accumulating counts from C:\Users\farha\Desktop\sphinx\other\bwaccumdir\other_buff_1
INFO: s3mixw_io.c(117): Read C:\Users\farha\Desktop\sphinx\other\bwaccumdir\other_buff_1/mixw_counts [753x1x1 array]
INFO: s3tmat_io.c(118): Read C:\Users\farha\Desktop\sphinx\other\bwaccumdir\other_buff_1/tmat_counts [251x3x4 array]
INFO: s3gau_io.c(386): Read C:\Users\farha\Desktop\sphinx\other\bwaccumdir\other_buff_1/gauden_counts with means with vars (2pass) [753x1x1 vector arrays]
INFO: main.c(321): -2passvar yes
INFO: main.c(391): Normalizing mean for n_mgau= 753, n_stream= 1, n_density= 1
INFO: main.c(414): Normalizing var
INFO: s3mixw_io.c(233): Wrote C:/Users/farha/Desktop/sphinx/other/model_parameters/other.ci_cont/mixture_weights [753x1x1 array]
INFO: s3tmat_io.c(176): Wrote C:/Users/farha/Desktop/sphinx/other/model_parameters/other.ci_cont/transition_matrices [251x3x4 array]
INFO: s3gau_io.c(228): Wrote C:/Users/farha/Desktop/sphinx/other/model_parameters/other.ci_cont/means [753x1x1 array]
INFO: s3gau_io.c(228): Wrote C:/Users/farha/Desktop/sphinx/other/model_parameters/other.ci_cont/variances [753x1x1 array]
Sun Jan 10 23:30:18 2021
Current Overall Likelihood Per Frame = -155.292203729195
Convergence ratio = 2.67217286113566
