Current configuration:
[NAME]		[DEFLT]	[VALUE]
-example	no	no
-help		no	no
-mixwfn			C:\Users\farha\Desktop\sphinx\other\model_parameters\other.ci_cont_flatinitial\mixture_weights
-moddeffn		C:/Users/farha/Desktop/sphinx/other/model_architecture/other.ci.mdef
-ndensity	256	1
-nstream	4	1
-tmatfn			C:\Users\farha\Desktop\sphinx\other\model_parameters\other.ci_cont_flatinitial\transition_matrices
-topo			C:/Users/farha/Desktop/sphinx/other/model_architecture/other.topology

INFO: model_def_io.c(573): Model definition info:
INFO: model_def_io.c(574): 251 total models defined (251 base, 0 tri)
INFO: model_def_io.c(575): 1004 total states
INFO: model_def_io.c(576): 753 total tied states
INFO: model_def_io.c(577): 753 total tied CI states
INFO: model_def_io.c(578): 251 total tied transition matrices
INFO: model_def_io.c(579): 4 max state/model
INFO: model_def_io.c(580): 4 min state/model
INFO: s3tmat_io.c(176): Wrote C:\Users\farha\Desktop\sphinx\other\model_parameters\other.ci_cont_flatinitial\transition_matrices [251x3x4 array]
INFO: s3mixw_io.c(233): Wrote C:\Users\farha\Desktop\sphinx\other\model_parameters\other.ci_cont_flatinitial\mixture_weights [753x1x1 array]
C:\sphinx\sphinxtrain\src\programs\mk_flat\main.c(83): Reading model definition file C:/Users/farha/Desktop/sphinx/other/model_architecture/other.ci.mdef
C:\sphinx\sphinxtrain\src\programs\mk_flat\main.c(90): 251 models defined
Sun Jan 10 23:30:11 2021
