Current configuration:
[NAME]		[DEFLT]	[VALUE]
-cpopsfn		C:/Users/farha/Desktop/sphinx/other/model_architecture/other.cpmeanvar
-example	no	no
-help		no	no
-ifullgaufn		
-igaufn			C:\Users\farha\Desktop\sphinx\other\model_parameters\other.ci_cont_flatinitial\globalmean
-imixwfn		
-itmatfn		
-ncbout			753
-nmixwout		0
-ntmatout		0
-ofullgaufn		
-ogaufn			C:\Users\farha\Desktop\sphinx\other\model_parameters\other.ci_cont_flatinitial\means
-omixwfn		
-otmatfn		

INFO: s3gau_io.c(169): Read C:\Users\farha\Desktop\sphinx\other\model_parameters\other.ci_cont_flatinitial\globalmean [1x1x1 array]
gau 0 <= 0
gau 1 <= 0
gau 2 <= 0
gau 3 <= 0
gau 4 <= 0
gau 5 <= 0
gau 6 <= 0
gau 7 <= 0
gau 8 <= 0
gau 9 <= 0
gau 10 <= 0
gau 11 <= 0
gau 12 <= 0
gau 13 <= 0
gau 14 <= 0
gau 15 <= 0
gau 16 <= 0
gau 17 <= 0
gau 18 <= 0
gau 19 <= 0
gau 20 <= 0
gau 21 <= 0
gau 22 <= 0
gau 23 <= 0
gau 24 <= 0
gau 25 <= 0
gau 26 <= 0
gau 27 <= 0
gau 28 <= 0
gau 29 <= 0
gau 30 <= 0
gau 31 <= 0
gau 32 <= 0
gau 33 <= 0
gau 34 <= 0
gau 35 <= 0
gau 36 <= 0
gau 37 <= 0
gau 38 <= 0
gau 39 <= 0
gau 40 <= 0
gau 41 <= 0
gau 42 <= 0
gau 43 <= 0
gau 44 <= 0
gau 45 <= 0
gau 46 <= 0
gau 47 <= 0
gau 48 <= 0
gau 49 <= 0
gau 50 <= 0
gau 51 <= 0
gau 52 <= 0
gau 53 <= 0
gau 54 <= 0
gau 55 <= 0
gau 56 <= 0
gau 57 <= 0
gau 58 <= 0
gau 59 <= 0
gau 60 <= 0
gau 61 <= 0
gau 62 <= 0
gau 63 <= 0
gau 64 <= 0
gau 65 <= 0
gau 66 <= 0
gau 67 <= 0
gau 68 <= 0
gau 69 <= 0
gau 70 <= 0
gau 71 <= 0
gau 72 <= 0
gau 73 <= 0
gau 74 <= 0
gau 75 <= 0
gau 76 <= 0
gau 77 <= 0
gau 78 <= 0
gau 79 <= 0
gau 80 <= 0
gau 81 <= 0
gau 82 <= 0
gau 83 <= 0
gau 84 <= 0
gau 85 <= 0
gau 86 <= 0
gau 87 <= 0
gau 88 <= 0
gau 89 <= 0
gau 90 <= 0
gau 91 <= 0
gau 92 <= 0
gau 93 <= 0
gau 94 <= 0
gau 95 <= 0
gau 96 <= 0
gau 97 <= 0
gau 98 <= 0
gau 99 <= 0
gau 100 <= 0
gau 101 <= 0
gau 102 <= 0
gau 103 <= 0
gau 104 <= 0
gau 105 <= 0
gau 106 <= 0
gau 107 <= 0
gau 108 <= 0
gau 109 <= 0
gau 110 <= 0
gau 111 <= 0
gau 112 <= 0
gau 113 <= 0
gau 114 <= 0
gau 115 <= 0
gau 116 <= 0
gau 117 <= 0
gau 118 <= 0
gau 119 <= 0
gau 120 <= 0
gau 121 <= 0
gau 122 <= 0
gau 123 <= 0
gau 124 <= 0
gau 125 <= 0
gau 126 <= 0
gau 127 <= 0
gau 128 <= 0
gau 129 <= 0
gau 130 <= 0
gau 131 <= 0
gau 132 <= 0
gau 133 <= 0
gau 134 <= 0
gau 135 <= 0
gau 136 <= 0
gau 137 <= 0
gau 138 <= 0
gau 139 <= 0
gau 140 <= 0
gau 141 <= 0
gau 142 <= 0
gau 143 <= 0
gau 144 <= 0
gau 145 <= 0
gau 146 <= 0
gau 147 <= 0
gau 148 <= 0
gau 149 <= 0
gau 150 <= 0
gau 151 <= 0
gau 152 <= 0
gau 153 <= 0
gau 154 <= 0
gau 155 <= 0
gau 156 <= 0
gau 157 <= 0
gau 158 <= 0
gau 159 <= 0
gau 160 <= 0
gau 161 <= 0
gau 162 <= 0
gau 163 <= 0
gau 164 <= 0
gau 165 <= 0
gau 166 <= 0
gau 167 <= 0
gau 168 <= 0
gau 169 <= 0
gau 170 <= 0
gau 171 <= 0
gau 172 <= 0
gau 173 <= 0
gau 174 <= 0
gau 175 <= 0
gau 176 <= 0
gau 177 <= 0
gau 178 <= 0
gau 179 <= 0
gau 180 <= 0
gau 181 <= 0
gau 182 <= 0
gau 183 <= 0
gau 184 <= 0
gau 185 <= 0
gau 186 <= 0
gau 187 <= 0
gau 188 <= 0
gau 189 <= 0
gau 190 <= 0
gau 191 <= 0
gau 192 <= 0
gau 193 <= 0
gau 194 <= 0
gau 195 <= 0
gau 196 <= 0
gau 197 <= 0
gau 198 <= 0
gau 199 <= 0
gau 200 <= 0
gau 201 <= 0
gau 202 <= 0
gau 203 <= 0
gau 204 <= 0
gau 205 <= 0
gau 206 <= 0
gau 207 <= 0
gau 208 <= 0
gau 209 <= 0
gau 210 <= 0
gau 211 <= 0
gau 212 <= 0
gau 213 <= 0
gau 214 <= 0
gau 215 <= 0
gau 216 <= 0
gau 217 <= 0
gau 218 <= 0
gau 219 <= 0
gau 220 <= 0
gau 221 <= 0
gau 222 <= 0
gau 223 <= 0
gau 224 <= 0
gau 225 <= 0
gau 226 <= 0
gau 227 <= 0
gau 228 <= 0
gau 229 <= 0
gau 230 <= 0
gau 231 <= 0
gau 232 <= 0
gau 233 <= 0
gau 234 <= 0
gau 235 <= 0
gau 236 <= 0
gau 237 <= 0
gau 238 <= 0
gau 239 <= 0
gau 240 <= 0
gau 241 <= 0
gau 242 <= 0
gau 243 <= 0
gau 244 <= 0
gau 245 <= 0
gau 246 <= 0
gau 247 <= 0
gau 248 <= 0
gau 249 <= 0
gau 250 <= 0
gau 251 <= 0
gau 252 <= 0
gau 253 <= 0
gau 254 <= 0
gau 255 <= 0
gau 256 <= 0
gau 257 <= 0
gau 258 <= 0
gau 259 <= 0
gau 260 <= 0
gau 261 <= 0
gau 262 <= 0
gau 263 <= 0
gau 264 <= 0
gau 265 <= 0
gau 266 <= 0
gau 267 <= 0
gau 268 <= 0
gau 269 <= 0
gau 270 <= 0
gau 271 <= 0
gau 272 <= 0
gau 273 <= 0
gau 274 <= 0
gau 275 <= 0
gau 276 <= 0
gau 277 <= 0
gau 278 <= 0
gau 279 <= 0
gau 280 <= 0
gau 281 <= 0
gau 282 <= 0
gau 283 <= 0
gau 284 <= 0
gau 285 <= 0
gau 286 <= 0
gau 287 <= 0
gau 288 <= 0
gau 289 <= 0
gau 290 <= 0
gau 291 <= 0
gau 292 <= 0
gau 293 <= 0
gau 294 <= 0
gau 295 <= 0
gau 296 <= 0
gau 297 <= 0
gau 298 <= 0
gau 299 <= 0
gau 300 <= 0
gau 301 <= 0
gau 302 <= 0
gau 303 <= 0
gau 304 <= 0
gau 305 <= 0
gau 306 <= 0
gau 307 <= 0
gau 308 <= 0
gau 309 <= 0
gau 310 <= 0
gau 311 <= 0
gau 312 <= 0
gau 313 <= 0
gau 314 <= 0
gau 315 <= 0
gau 316 <= 0
gau 317 <= 0
gau 318 <= 0
gau 319 <= 0
gau 320 <= 0
gau 321 <= 0
gau 322 <= 0
gau 323 <= 0
gau 324 <= 0
gau 325 <= 0
gau 326 <= 0
gau 327 <= 0
gau 328 <= 0
gau 329 <= 0
gau 330 <= 0
gau 331 <= 0
gau 332 <= 0
gau 333 <= 0
gau 334 <= 0
gau 335 <= 0
gau 336 <= 0
gau 337 <= 0
gau 338 <= 0
gau 339 <= 0
gau 340 <= 0
gau 341 <= 0
gau 342 <= 0
gau 343 <= 0
gau 344 <= 0
gau 345 <= 0
gau 346 <= 0
gau 347 <= 0
gau 348 <= 0
gau 349 <= 0
gau 350 <= 0
gau 351 <= 0
gau 352 <= 0
gau 353 <= 0
gau 354 <= 0
gau 355 <= 0
gau 356 <= 0
gau 357 <= 0
gau 358 <= 0
gau 359 <= 0
gau 360 <= 0
gau 361 <= 0
gau 362 <= 0
gau 363 <= 0
gau 364 <= 0
gau 365 <= 0
gau 366 <= 0
gau 367 <= 0
gau 368 <= 0
gau 369 <= 0
gau 370 <= 0
gau 371 <= 0
gau 372 <= 0
gau 373 <= 0
gau 374 <= 0
gau 375 <= 0
gau 376 <= 0
gau 377 <= 0
gau 378 <= 0
gau 379 <= 0
gau 380 <= 0
gau 381 <= 0
gau 382 <= 0
gau 383 <= 0
gau 384 <= 0
gau 385 <= 0
gau 386 <= 0
gau 387 <= 0
gau 388 <= 0
gau 389 <= 0
gau 390 <= 0
gau 391 <= 0
gau 392 <= 0
gau 393 <= 0
gau 394 <= 0
gau 395 <= 0
gau 396 <= 0
gau 397 <= 0
gau 398 <= 0
gau 399 <= 0
gau 400 <= 0
gau 401 <= 0
gau 402 <= 0
gau 403 <= 0
gau 404 <= 0
gau 405 <= 0
gau 406 <= 0
gau 407 <= 0
gau 408 <= 0
gau 409 <= 0
gau 410 <= 0
gau 411 <= 0
gau 412 <= 0
gau 413 <= 0
gau 414 <= 0
gau 415 <= 0
gau 416 <= 0
gau 417 <= 0
gau 418 <= 0
gau 419 <= 0
gau 420 <= 0
gau 421 <= 0
gau 422 <= 0
gau 423 <= 0
gau 424 <= 0
gau 425 <= 0
gau 426 <= 0
gau 427 <= 0
gau 428 <= 0
gau 429 <= 0
gau 430 <= 0
gau 431 <= 0
gau 432 <= 0
gau 433 <= 0
gau 434 <= 0
gau 435 <= 0
gau 436 <= 0
gau 437 <= 0
gau 438 <= 0
gau 439 <= 0
gau 440 <= 0
gau 441 <= 0
gau 442 <= 0
gau 443 <= 0
gau 444 <= 0
gau 445 <= 0
gau 446 <= 0
gau 447 <= 0
gau 448 <= 0
gau 449 <= 0
gau 450 <= 0
gau 451 <= 0
gau 452 <= 0
gau 453 <= 0
gau 454 <= 0
gau 455 <= 0
gau 456 <= 0
gau 457 <= 0
gau 458 <= 0
gau 459 <= 0
gau 460 <= 0
gau 461 <= 0
gau 462 <= 0
gau 463 <= 0
gau 464 <= 0
gau 465 <= 0
gau 466 <= 0
gau 467 <= 0
gau 468 <= 0
gau 469 <= 0
gau 470 <= 0
gau 471 <= 0
gau 472 <= 0
gau 473 <= 0
gau 474 <= 0
gau 475 <= 0
gau 476 <= 0
gau 477 <= 0
gau 478 <= 0
gau 479 <= 0
gau 480 <= 0
gau 481 <= 0
gau 482 <= 0
gau 483 <= 0
gau 484 <= 0
gau 485 <= 0
gau 486 <= 0
gau 487 <= 0
gau 488 <= 0
gau 489 <= 0
gau 490 <= 0
gau 491 <= 0
gau 492 <= 0
gau 493 <= 0
gau 494 <= 0
gau 495 <= 0
gau 496 <= 0
gau 497 <= 0
gau 498 <= 0
gau 499 <= 0
gau 500 <= 0
gau 501 <= 0
gau 502 <= 0
gau 503 <= 0
gau 504 <= 0
gau 505 <= 0
gau 506 <= 0
gau 507 <= 0
gau 508 <= 0
gau 509 <= 0
gau 510 <= 0
gau 511 <= 0
gau 512 <= 0
gau 513 <= 0
gau 514 <= 0
gau 515 <= 0
gau 516 <= 0
gau 517 <= 0
gau 518 <= 0
gau 519 <= 0
gau 520 <= 0
gau 521 <= 0
gau 522 <= 0
gau 523 <= 0
gau 524 <= 0
gau 525 <= 0
gau 526 <= 0
gau 527 <= 0
gau 528 <= 0
gau 529 <= 0
gau 530 <= 0
gau 531 <= 0
gau 532 <= 0
gau 533 <= 0
gau 534 <= 0
gau 535 <= 0
gau 536 <= 0
gau 537 <= 0
gau 538 <= 0
gau 539 <= 0
gau 540 <= 0
gau 541 <= 0
gau 542 <= 0
gau 543 <= 0
gau 544 <= 0
gau 545 <= 0
gau 546 <= 0
gau 547 <= 0
gau 548 <= 0
gau 549 <= 0
gau 550 <= 0
gau 551 <= 0
gau 552 <= 0
gau 553 <= 0
gau 554 <= 0
gau 555 <= 0
gau 556 <= 0
gau 557 <= 0
gau 558 <= 0
gau 559 <= 0
gau 560 <= 0
gau 561 <= 0
gau 562 <= 0
gau 563 <= 0
gau 564 <= 0
gau 565 <= 0
gau 566 <= 0
gau 567 <= 0
gau 568 <= 0
gau 569 <= 0
gau 570 <= 0
gau 571 <= 0
gau 572 <= 0
gau 573 <= 0
gau 574 <= 0
gau 575 <= 0
gau 576 <= 0
gau 577 <= 0
gau 578 <= 0
gau 579 <= 0
gau 580 <= 0
gau 581 <= 0
gau 582 <= 0
gau 583 <= 0
gau 584 <= 0
gau 585 <= 0
gau 586 <= 0
gau 587 <= 0
gau 588 <= 0
gau 589 <= 0
gau 590 <= 0
gau 591 <= 0
gau 592 <= 0
gau 593 <= 0
gau 594 <= 0
gau 595 <= 0
gau 596 <= 0
gau 597 <= 0
gau 598 <= 0
gau 599 <= 0
gau 600 <= 0
gau 601 <= 0
gau 602 <= 0
gau 603 <= 0
gau 604 <= 0
gau 605 <= 0
gau 606 <= 0
gau 607 <= 0
gau 608 <= 0
gau 609 <= 0
gau 610 <= 0
gau 611 <= 0
gau 612 <= 0
gau 613 <= 0
gau 614 <= 0
gau 615 <= 0
gau 616 <= 0
gau 617 <= 0
gau 618 <= 0
gau 619 <= 0
gau 620 <= 0
gau 621 <= 0
gau 622 <= 0
gau 623 <= 0
gau 624 <= 0
gau 625 <= 0
gau 626 <= 0
gau 627 <= 0
gau 628 <= 0
gau 629 <= 0
gau 630 <= 0
gau 631 <= 0
gau 632 <= 0
gau 633 <= 0
gau 634 <= 0
gau 635 <= 0
gau 636 <= 0
gau 637 <= 0
gau 638 INFO: s3gau_io.c(228): Wrote C:\Users\farha\Desktop\sphinx\other\model_parameters\other.ci_cont_flatinitial\means [753x1x1 array]
<= 0
gau 639 <= 0
gau 640 <= 0
gau 641 <= 0
gau 642 <= 0
gau 643 <= 0
gau 644 <= 0
gau 645 <= 0
gau 646 <= 0
gau 647 <= 0
gau 648 <= 0
gau 649 <= 0
gau 650 <= 0
gau 651 <= 0
gau 652 <= 0
gau 653 <= 0
gau 654 <= 0
gau 655 <= 0
gau 656 <= 0
gau 657 <= 0
gau 658 <= 0
gau 659 <= 0
gau 660 <= 0
gau 661 <= 0
gau 662 <= 0
gau 663 <= 0
gau 664 <= 0
gau 665 <= 0
gau 666 <= 0
gau 667 <= 0
gau 668 <= 0
gau 669 <= 0
gau 670 <= 0
gau 671 <= 0
gau 672 <= 0
gau 673 <= 0
gau 674 <= 0
gau 675 <= 0
gau 676 <= 0
gau 677 <= 0
gau 678 <= 0
gau 679 <= 0
gau 680 <= 0
gau 681 <= 0
gau 682 <= 0
gau 683 <= 0
gau 684 <= 0
gau 685 <= 0
gau 686 <= 0
gau 687 <= 0
gau 688 <= 0
gau 689 <= 0
gau 690 <= 0
gau 691 <= 0
gau 692 <= 0
gau 693 <= 0
gau 694 <= 0
gau 695 <= 0
gau 696 <= 0
gau 697 <= 0
gau 698 <= 0
gau 699 <= 0
gau 700 <= 0
gau 701 <= 0
gau 702 <= 0
gau 703 <= 0
gau 704 <= 0
gau 705 <= 0
gau 706 <= 0
gau 707 <= 0
gau 708 <= 0
gau 709 <= 0
gau 710 <= 0
gau 711 <= 0
gau 712 <= 0
gau 713 <= 0
gau 714 <= 0
gau 715 <= 0
gau 716 <= 0
gau 717 <= 0
gau 718 <= 0
gau 719 <= 0
gau 720 <= 0
gau 721 <= 0
gau 722 <= 0
gau 723 <= 0
gau 724 <= 0
gau 725 <= 0
gau 726 <= 0
gau 727 <= 0
gau 728 <= 0
gau 729 <= 0
gau 730 <= 0
gau 731 <= 0
gau 732 <= 0
gau 733 <= 0
gau 734 <= 0
gau 735 <= 0
gau 736 <= 0
gau 737 <= 0
gau 738 <= 0
gau 739 <= 0
gau 740 <= 0
gau 741 <= 0
gau 742 <= 0
gau 743 <= 0
gau 744 <= 0
gau 745 <= 0
gau 746 <= 0
gau 747 <= 0
gau 748 <= 0
gau 749 <= 0
gau 750 <= 0
gau 751 <= 0
gau 752 <= 0
Sun Jan 10 23:30:12 2021
