INFO: main.c(229): Compiled on Apr  5 2020 at 23:42:22
Current configuration:
[NAME]		[DEFLT]		[VALUE]
-2passvar	no		yes
-abeam		1e-100		1.000000e-90
-accumdir			C:/Users/farha/Desktop/sphinx/other/bwaccumdir/other_buff_1
-agc		none		none
-agcthresh	2.0		2.000000e+00
-bbeam		1e-100		1.000000e-10
-cb2mllrfn	.1cls.		.1cls.
-cepdir				C:/Users/farha/Desktop/sphinx/other/feat
-cepext		mfc		mfc
-ceplen		13		13
-ckptintv			0
-cmn		live		batch
-cmninit	40,3,-1		40,3,-1
-ctlfn				C:/Users/farha/Desktop/sphinx/other/etc/other_train.fileids
-diagfull	no		no
-dictfn				C:/Users/farha/Desktop/sphinx/other/etc/other.dic
-example	no		no
-fdictfn			C:/Users/farha/Desktop/sphinx/other/etc/other.filler
-feat		1s_c_d_dd	1s_c_d_dd
-fullvar	no		no
-help		no		no
-hmmdir				
-latdir				
-latext				
-lda				
-ldadim		0		0
-lsnfn				C:/Users/farha/Desktop/sphinx/other/etc/other_train.transcription
-lw		11.5		1.150000e+01
-maxuttlen	0		0
-meanfn				C:/Users/farha/Desktop/sphinx/other/model_parameters/other.ci_cont/means
-meanreest	yes		yes
-mixwfn				C:/Users/farha/Desktop/sphinx/other/model_parameters/other.ci_cont/mixture_weights
-mixwreest	yes		yes
-mllrmat			
-mmie		no		no
-mmie_type	rand		rand
-moddeffn			C:/Users/farha/Desktop/sphinx/other/model_architecture/other.ci.mdef
-mwfloor	0.00001		1.000000e-08
-npart				1
-nskip				0
-outphsegdir			
-outputfullpath	no		no
-part				1
-pdumpdir			
-phsegdir			
-phsegext	phseg		phseg
-runlen		-1		-1
-sentdir			
-sentext	sent		sent
-spthresh	0.0		0.000000e+00
-svspec				
-timing		yes		no
-tmatfn				C:/Users/farha/Desktop/sphinx/other/model_parameters/other.ci_cont/transition_matrices
-tmatreest	yes		yes
-topn		4		1
-tpfloor	0.0001		1.000000e-04
-ts2cbfn			.cont.
-varfloor	0.00001		1.000000e-04
-varfn				C:/Users/farha/Desktop/sphinx/other/model_parameters/other.ci_cont/variances
-varnorm	no		no
-varreest	yes		yes
-viterbi	no		no

INFO: feat.c(715): Initializing feature stream to type: '1s_c_d_dd', ceplen=13, CMN='batch', VARNORM='no', AGC='none'
INFO: main.c(318): Reading C:/Users/farha/Desktop/sphinx/other/model_architecture/other.ci.mdef
INFO: model_def_io.c(573): Model definition info:
INFO: model_def_io.c(574): 251 total models defined (251 base, 0 tri)
INFO: model_def_io.c(575): 1004 total states
INFO: model_def_io.c(576): 753 total tied states
INFO: model_def_io.c(577): 753 total tied CI states
INFO: model_def_io.c(578): 251 total tied transition matrices
INFO: model_def_io.c(579): 4 max state/model
INFO: model_def_io.c(580): 4 min state/model
INFO: s3mixw_io.c(117): Read C:/Users/farha/Desktop/sphinx/other/model_parameters/other.ci_cont/mixture_weights [753x1x1 array]
INFO: s3tmat_io.c(118): Read C:/Users/farha/Desktop/sphinx/other/model_parameters/other.ci_cont/transition_matrices [251x3x4 array]
INFO: mod_inv.c(301): inserting tprob floor 1.000000e-04 and renormalizing
INFO: s3gau_io.c(169): Read C:/Users/farha/Desktop/sphinx/other/model_parameters/other.ci_cont/means [753x1x1 array]
INFO: s3gau_io.c(169): Read C:/Users/farha/Desktop/sphinx/other/model_parameters/other.ci_cont/variances [753x1x1 array]
INFO: gauden.c(176): 753 total mgau
INFO: gauden.c(150): 1 feature streams (|0|=39 )
INFO: gauden.c(187): 1 total densities
INFO: gauden.c(90): min_var=1.000000e-04
INFO: gauden.c(165): compute 1 densities/frame
INFO: main.c(431): Will reestimate mixing weights.
INFO: main.c(433): Will reestimate means.
INFO: main.c(435): Will reestimate variances.
INFO: main.c(443): Will reestimate transition matrices
INFO: main.c(456): Reading main dictionary: C:/Users/farha/Desktop/sphinx/other/etc/other.dic
WARN: "lexicon.c", line 177: Dictionary file 'C:/Users/farha/Desktop/sphinx/other/etc/other.dic' has a blank line at line 0
INFO: lexicon.c(221): 250 entries added from C:/Users/farha/Desktop/sphinx/other/etc/other.dic
INFO: main.c(466): Reading filler dictionary: C:/Users/farha/Desktop/sphinx/other/etc/other.filler
INFO: lexicon.c(221): 3 entries added from C:/Users/farha/Desktop/sphinx/other/etc/other.filler
INFO: corpus.c(1062): Will process all remaining utts starting at 0
INFO: main.c(665): Reestimation: Baum-Welch
INFO: cmn.c(133): CMN: 36.32 10.23 -8.81 13.50 -4.05  8.27  8.69 -19.79 -0.08  3.43 -5.46  1.25  0.72 
column defns
	<seq>
	<id>
	<n_frame_in>
	<n_frame_del>
	<n_state_shmm>
	<avg_states_alpha>
	<avg_states_beta>
	<avg_states_reest>
	<avg_posterior_prune>
	<frame_log_lik>
	<utt_log_lik>
	... timing info ... 
utt>     0                      1001  210    0INFO: cvt2triphone.c(199): no multiphones defined, no conversion done
    16 11  2 4 3.208077e-12 -1.622209e+02 -3.406640e+04
INFO: cmn.c(133): CMN: 39.66 11.16 -6.41 11.35 -2.31 -5.46  5.44 -16.38 -5.93  8.82 -3.22  1.22  6.72 
utt>     1                      1002  201    0    20 13  2 5 4.910896e-12 -1.639871e+02 -3.296142e+04
INFO: cmn.c(133): CMN: 44.49 12.04 -14.10  6.97  0.40  0.48  1.85 -27.37  3.75 11.09  0.17  1.22  0.49 
utt>     2                      1003  185    0    20 15  3 7 5.405913e-12 -1.601749e+02 -2.963235e+04
INFO: cmn.c(133): CMN: 42.70  7.38 -4.05  9.89  0.12 -0.86  5.95 -22.20  2.59  4.37 -0.21  1.63 -1.86 
utt>     3                      1004  183    0    20 14  3 6 4.684648e-12 -1.614647e+02 -2.954804e+04
INFO: cmn.c(133): CMN: 42.71  5.77 -9.69  8.83 -0.04 -2.81  2.01 -15.96  1.39 10.15  0.39  4.19 -1.38 
utt>     4                      1005  173    0    16 12  2 5 4.959383e-12 -1.573112e+02 -2.721484e+04
INFO: cmn.c(133): CMN: 45.04  6.12 -3.72 10.66 -1.71 -2.48 15.40 -23.72  0.03  0.54 -8.14  3.43  1.49 
utt>     5                      1006  157    0    20 13  2 5 3.167930e-12 -1.605459e+02 -2.520571e+04
INFO: cmn.c(133): CMN: 41.13  1.80 -4.58  9.30 -1.46 -0.27  5.38 -16.06  1.55  7.46  2.92  3.62 -2.63 
utt>     6                      1007  189    0    16 11  2 5 5.187094e-12 -1.575729e+02 -2.978128e+04
INFO: cmn.c(133): CMN: 41.45 13.30 -12.18  5.96  2.24 -8.11 10.53 -15.76 -5.97  7.38 -0.12  9.02 -1.50 
utt>     7                      1008  235    0    24 18  3 7 4.133601e-12 -1.600108e+02 -3.760254e+04
INFO: cmn.c(133): CMN: 43.68  6.74 -7.06  9.58  4.24 -5.24 12.86 -20.40 -4.76 11.10 -8.59  9.66  4.37 
utt>     8                      1009  178    0    16 11  2 5 5.518107e-12 -1.615452e+02 -2.875505e+04
INFO: cmn.c(133): CMN: 41.27  7.35 -6.22 15.71 -2.42 -3.65  6.72 -17.45  2.90  2.36  6.12  4.45 -0.35 
utt>     9                      1010  182    0    20 14  3 6 5.131286e-12 -1.610585e+02 -2.931265e+04
INFO: cmn.c(133): CMN: 42.51  7.65 -4.66  8.64  1.98 -6.85  2.38 -17.43 -1.81  5.02 -4.34  5.17  1.07 
utt>    10                      1011  213    0    20 14  3 6 6.425666e-12 -1.597148e+02 -3.401926e+04
INFO: cmn.c(133): CMN: 47.49  8.66 -8.87  6.70  4.80 -2.40 -5.95 -15.09 -7.65  3.97 -3.92  7.58 -3.46 
utt>    11                      1012  189    0    20 14  3 6 4.157805e-12 -1.543538e+02 -2.917287e+04
INFO: cmn.c(133): CMN: 45.36 15.84 -12.59 14.73 -1.99 -5.17  5.83 -27.13 -1.48  0.71 -1.78  7.01 -7.08 
utt>    12                      1013  236    0    24 16  3 7 6.407800e-12 -1.609267e+02 -3.797871e+04
INFO: cmn.c(133): CMN: 41.71  8.73 -4.59 23.64 -5.21 -3.53  4.73 -24.78 -1.33 -1.26 -2.11  0.10 -2.26 
utt>    13                      1014  219    0    20 15  3 6 6.420804e-12 -1.632896e+02 -3.576043e+04
INFO: cmn.c(133): CMN: 39.06  6.56  1.19 10.77 -5.12 -0.98  8.12 -14.45 -4.30  2.52 -4.87  3.42 -4.60 
utt>    14                      1015  240    0    20 15  3 7 3.899725e-12 -1.555141e+02 -3.732339e+04
INFO: cmn.c(133): CMN: 40.32  9.19 -3.46 12.93 -4.89 -7.75  5.21 -18.36 -2.71  2.80 -2.97  2.32 -4.10 
utt>    15                      1016  222    0    20 14  3 5 6.028351e-12 -1.610411e+02 -3.575112e+04
INFO: cmn.c(133): CMN: 45.65  6.76 -13.94  6.28  0.49  0.73 -3.66 -21.95  3.71  0.16  4.57  4.52 -2.25 
utt>    16                      1017  209    0    20 14  3 6 6.141000e-12 -1.583493e+02 -3.309501e+04
INFO: cmn.c(133): CMN: 37.37  7.25 -2.20 18.64 -7.86 -5.55  7.51 -22.51  0.51 -1.36 -1.44  4.62 -3.49 
utt>    17                      1018  232    0    20 14  2 5 3.514804e-12 -1.597040e+02 -3.705134e+04
INFO: cmn.c(133): CMN: 40.42 12.47 -9.74 13.27 -0.46 -9.60 -1.63 -10.72 -2.29  4.79  1.74  4.62 -4.50 
utt>    18                      1019  216    0    20 14  3 5 5.649606e-12 -1.620649e+02 -3.500601e+04
INFO: cmn.c(133): CMN: 35.06 15.28 -9.99 12.75 -9.72  3.09  5.23 -15.06 -8.06  7.85 -6.41  2.23  4.03 
utt>    19                      1020  348    0    24 16  3 6 5.050993e-12 -1.632611e+02 -5.681487e+04
INFO: cmn.c(133): CMN: 33.69  3.61  0.33 13.50 -2.10 -3.55 -3.83 -10.44  4.62  4.20 -4.04  0.74 -2.89 
utt>    20                      1021  262    0    20 14  2 5 6.002631e-12 -1.610832e+02 -4.220381e+04
INFO: cmn.c(133): CMN: 36.52 12.18 -11.91  8.11  0.93 -5.74  5.89 -19.12 -0.59 -2.83 -4.39  8.20 -0.01 
utt>    21                      1022  264    0    24 19  4 9 6.939763e-12 -1.622533e+02 -4.283488e+04
INFO: cmn.c(133): CMN: 39.75 13.28 -6.44 18.87 -6.60 -3.58  0.93 -23.01 -1.97  2.21 -7.82 11.80 -5.70 
utt>    22                      1023  218    0    20 14  3 5 4.143612e-12 -1.643038e+02 -3.581824e+04
INFO: cmn.c(133): CMN: 39.64  1.75 -3.00 17.69  3.97 -4.77  0.20 -20.97  2.17  1.48 -3.72  2.33 -1.11 
utt>    23                      1024  276    0    24 16  3 6 3.846032e-12 -1.639002e+02 -4.523646e+04
INFO: cmn.c(133): CMN: 34.05  2.89 -4.09 23.49 -3.21 -4.71  1.80 -15.82  6.76 -3.04  1.47  2.31 -0.88 
utt>    24                      1025  244    0    20 14  3 6 4.922887e-12 -1.610939e+02 -3.930692e+04
INFO: cmn.c(133): CMN: 30.66  7.84  1.66 10.44 -6.28  0.89  6.44 -12.98 -1.19 -0.32 -4.37  1.96  0.89 
utt>    25                      1026  412    0    28 18  3 5 4.914736e-12 -1.617701e+02 -6.664928e+04
INFO: cmn.c(133): CMN: 38.39 11.79 -8.39 11.44 -2.16  0.64 -7.27 -26.86  8.82  2.45  1.11  4.98 -1.73 
utt>    26                      1027  311    0    24 18  3 7 5.892503e-12 -1.648675e+02 -5.127379e+04
INFO: cmn.c(133): CMN: 43.69 17.49 -1.66 10.71 -5.09 -1.83  7.86 -26.02 -9.18  2.24 -5.19 13.74 -1.58 
utt>    27                      1028  271    0    24 16  3 5 4.096885e-12 -1.687492e+02 -4.573103e+04
INFO: cmn.c(133): CMN: 36.53  8.25  1.09 15.41 -3.89 -5.64 -1.74 -18.32  0.23  0.13 -4.48  9.83 -3.12 
utt>    28                      1029  462    0    28 18  3 6 4.980364e-12 -1.615927e+02 -7.465583e+04
INFO: cmn.c(133): CMN: 38.27  8.58 -0.88 18.26 -2.70 -2.42  1.25 -17.56 -4.14 -0.36  0.90  7.41 -0.49 
utt>    29                      1030  365    0    24 16  2 5 5.251072e-12 -1.644880e+02 -6.003813e+04
INFO: cmn.c(133): CMN: 37.43 10.49 -1.00 10.08 -8.88  4.02 -10.45 -13.34 -1.92  0.86  1.20  0.67  0.42 
utt>    30                      1031  350    0    24 16  3 5 4.100190e-12 -1.661275e+02 -5.814463e+04
INFO: cmn.c(133): CMN: 39.40  8.17 -4.52 16.90 -8.83 -1.75  5.04 -21.01 -0.91  1.58 -2.04  4.89 -2.50 
utt>    31                      1032  293    0    28 19  3 6 4.237145e-12 -1.650648e+02 -4.836398e+04
INFO: cmn.c(133): CMN: 38.39 13.90 -7.17  8.10 -7.86 -0.36 -0.27 -16.65 -5.71  4.18  0.22  7.13  0.25 
utt>    32                      1033  334    0    24 17  3 6 5.909800e-12 -1.613507e+02 -5.389115e+04
INFO: cmn.c(133): CMN: 36.52 17.15 -4.28 16.53 -3.34 -7.84  3.66 -19.72 -0.25  3.53 -0.55  0.30  0.68 
utt>    33                      1034  322    0    24 16  3 6 4.515081e-12 -1.648137e+02 -5.307000e+04
INFO: cmn.c(133): CMN: 40.85  9.36 -4.57 19.28 -1.48 -9.22  4.42 -22.84 -1.62 -2.31 -0.55  2.86 -6.20 
utt>    34                      1035  295    0    28 18  3 6 3.291379e-12 -1.652746e+02 -4.875599e+04
INFO: cmn.c(133): CMN: 41.08 22.14 16.26 -3.57 -8.36 -14.38  6.50  6.93 -20.76 -5.44 -3.47 -8.93 -0.52 
utt>    35                      1036  270    0    28 18  3 6 4.935784e-12 -1.674775e+02 -4.521892e+04
INFO: cmn.c(133): CMN: 42.94 11.82  8.30  9.39 -7.28 -16.23 -0.46  0.47 -19.60 -6.54 -5.71  2.98 -4.32 
utt>    36                      1037  309    0    24 17  3 7 5.029580e-12 -1.640199e+02 -5.068216e+04
INFO: cmn.c(133): CMN: 33.03 11.08  5.43  4.08 -2.23 -5.79 -6.07  7.56 -12.59 -1.87 -2.79 -2.41  0.16 
utt>    37                      1038  317    0    24 17  3 5 4.961822e-12 -1.576730e+02 -4.998234e+04
INFO: cmn.c(133): CMN: 38.76  7.60  4.05 10.73  0.19 -5.06 -9.10 -4.12 -4.49  5.68 -2.87 -8.02 -2.88 
utt>    38                      1039  321    0    24 17  3 6 5.899943e-12 -1.591731e+02 -5.109458e+04
INFO: cmn.c(133): CMN: 45.06  7.28  8.21 11.44 -9.70 -13.79 -6.19  0.30 -16.51  4.14 -15.47  4.05 -9.23 
utt>    39                      1040  343    0    24 15  3 5 5.557519e-12 -1.659000e+02 -5.690371e+04
INFO: cmn.c(133): CMN: 39.28  1.37  2.75  7.38 -14.05 -0.81 -6.27 -5.27 -4.24  6.96 -11.59  7.50 -12.41 
utt>    40                      1041  284    0    20 13  2 5 3.687273e-12 -1.649093e+02 -4.683424e+04
INFO: cmn.c(133): CMN: 47.52 13.09 -9.17 -3.34  4.17 -17.81  6.18 -11.81  3.45  8.94 -16.75 13.76 -22.01 
utt>    41                      1042  214    0    20 14  3 6 3.196960e-12 -1.637665e+02 -3.504602e+04
INFO: cmn.c(133): CMN: 50.17 12.61 -6.68  0.68 13.19 -22.80 -9.88 -1.88 -0.74  6.99 -13.85 11.78 -20.73 
utt>    42                      1043  277    0    28 18  3 6 8.138910e-12 -1.641839e+02 -4.547893e+04
INFO: cmn.c(133): CMN: 40.49 21.44 -5.68  4.84  8.52 -23.64  8.61 -9.91 -3.50 -4.65 -3.72  2.98 -11.64 
utt>    43                      1044  351    0    32 22  3 7 5.835879e-12 -1.667142e+02 -5.851670e+04
INFO: cmn.c(133): CMN: 41.67 19.09  2.17  3.38  1.10 -22.38 10.57  4.48 -11.06 -5.92 -7.78  1.82 -13.22 
utt>    44                      1045  296    0    24 16  3 6 3.547700e-12 -1.669202e+02 -4.940838e+04
INFO: cmn.c(133): CMN: 44.87 14.87  0.21  4.48  0.34 -11.30 -1.99  2.70 -6.07  1.29 -15.69  2.09 -9.71 
utt>    45                      1046  353    0    28 18  3 6 5.324113e-12 -1.662153e+02 -5.867399e+04
INFO: cmn.c(133): CMN: 43.76 19.69  0.53 -0.45  0.52 -16.80 11.13 -9.71 -4.58 -5.05 -10.86  3.74 -13.58 
utt>    46                      1047  300    0    24 17  3 6 5.031773e-12 -1.663906e+02 -4.991718e+04
INFO: cmn.c(133): CMN: 42.01  2.04  3.45 18.12  5.95 -16.82  2.79 -0.44  1.11 -3.01 -12.19  3.27 -7.94 
utt>    47                      1048  370    0    24 18  3 6 5.859390e-12 -1.631292e+02 -6.035782e+04
INFO: cmn.c(133): CMN: 45.24 18.27 -8.98  6.40  0.14 -28.18  8.83 -8.34 -3.67 -5.22 -5.19  4.51 -5.74 
utt>    48                      1049  326    0    24 17  3 6 4.657500e-12 -1.663074e+02 -5.421621e+04
INFO: cmn.c(133): CMN: 45.14  8.89  4.00 16.34  0.63 -30.02 -4.30 -3.89 -2.13 -5.54 -0.80  9.64 -10.70 
utt>    49                      1050  342    0    28 20  4 7 6.649297e-12 -1.667741e+02 -5.703675e+04
INFO: cmn.c(133): CMN: 44.83 18.96 -14.85 -7.70 -15.90 -27.34  6.15  7.54  3.32 -17.72 -15.68 11.26 -3.01 
utt>    50                      1051  317    0    20 13  2 4 2.589250e-12 -1.664696e+02 -5.277088e+04
INFO: cmn.c(133): CMN: 40.56  4.22 -5.22 13.68 -2.53 -19.24 -5.47 -3.64 -0.44 -4.90 -7.87  2.03 -5.60 
utt>    51                      1052  254    0    20 13  3 5 5.203847e-12 -1.678361e+02 -4.263038e+04
INFO: cmn.c(133): CMN: 43.52  8.82 -4.68  5.09 -0.09 -15.30 -0.81 -14.16 -3.20  3.17 -1.17  1.08 -13.84 
utt>    52                      1053  316    0    24 15  2 5 3.861258e-12 -1.665208e+02 -5.262057e+04
INFO: cmn.c(133): CMN: 50.53 13.02 -9.13 -3.69  1.61 -7.64 11.14 -5.38 -18.18 -3.95  2.99  7.11 -14.30 
utt>    53                      1054  449    0    32 23  3 7 5.583234e-12 -1.667264e+02 -7.486017e+04
INFO: cmn.c(133): CMN: 47.10 15.17 -0.72 -1.83 -8.76 -27.65 10.07 14.12 -13.38 -12.15 -12.58 10.29 -3.07 
utt>    54                      1055  393    0    28 19  3 6 6.218002e-12 -1.657743e+02 -6.514931e+04
INFO: cmn.c(133): CMN: 40.99  6.82 -5.52  9.35 -1.01 -21.87 -2.40 -7.76  0.29 -4.93 -5.09  5.12 -3.35 
utt>    55                      1056  261    0    20 15  3 6 4.935432e-12 -1.663742e+02 -4.342366e+04
INFO: cmn.c(133): CMN: 51.54 15.13 -12.39 -3.92  2.51 -21.85  0.44 -7.83 -13.59 -0.37  7.10  5.95 -7.00 
utt>    56                      1057  268    0    24 18  3 7 5.304540e-12 -1.643827e+02 -4.405456e+04
INFO: cmn.c(133): CMN: 43.73 11.42 -3.73  5.82 -7.39 -21.37 10.54 13.93 -5.35 -19.11 -19.98  6.46  2.79 
utt>    57                      1058  284    0    24 17  3 6 6.860143e-12 -1.649785e+02 -4.685390e+04
INFO: cmn.c(133): CMN: 47.06 12.60  0.89  5.85  2.84 -29.02 -1.07  0.87 -8.50 -0.84 -5.75  5.71 -11.96 
utt>    58                      1059  222    0    20 15  3 7 4.551229e-12 -1.631689e+02 -3.622350e+04
INFO: cmn.c(133): CMN: 46.79 15.74 -5.27 -3.62 -1.36 -18.76  5.42 -3.06 -5.11  0.70 -11.11  7.82 -7.77 
utt>    59                      1060  225    0    20 15  3 6 4.394313e-12 -1.606959e+02 -3.615658e+04
INFO: cmn.c(133): CMN: 44.68 12.66  1.05 12.04 -11.84 -19.89  0.60 -2.22 -6.29 -4.48 -8.04  1.95 -5.33 
utt>    60                      1061  243    0    20 14  3 6 5.182470e-12 -1.626194e+02 -3.951652e+04
INFO: cmn.c(133): CMN: 44.54 12.74 -4.51 12.95 -7.71 -24.50 -0.39 -7.63 -3.42 -6.40 -9.71  6.79 -7.58 
utt>    61                      1062  269    0    24 17  3 6 5.683818e-12 -1.622766e+02 -4.365240e+04
INFO: cmn.c(133): CMN: 41.09  7.15 11.76 17.85 -13.69 -22.96 13.09 -1.70 -5.70 -3.13 -9.03  3.35 -9.56 
utt>    62                      1063  246    0    24 15  2 5 3.721584e-12 -1.634541e+02 -4.020972e+04
INFO: cmn.c(133): CMN: 46.94  9.21  1.09 17.68 -3.59 -27.50  1.06 -5.22 -8.86 -10.32 -3.03  3.74 -7.04 
utt>    63                      1064  296    0    24 19  3 6 4.223903e-12 -1.644288e+02 -4.867093e+04
INFO: cmn.c(133): CMN: 30.65  9.88  8.54 -2.21 -9.68 -7.86  1.25  4.75  1.61 -3.00 -6.52 -3.59  1.40 
utt>    64                      1065  276    0    20 14  2 4 4.344929e-12 -1.603732e+02 -4.426301e+04
INFO: cmn.c(133): CMN: 40.34  7.22  4.03  9.09 -1.73 -18.04 -0.23 -0.98 -5.23 -0.72 -10.03 -0.37 -2.24 
utt>    65                      1066  309    0    28 18  3 7 5.155106e-12 -1.640674e+02 -5.069684e+04
INFO: cmn.c(133): CMN: 37.05 10.00  0.45  6.54 -5.19 -19.95  7.99 -3.25  1.33 -9.94 -2.79  4.75 -4.11 
utt>    66                      1067  237    0    20 13  2 5 3.628857e-12 -1.614370e+02 -3.826057e+04
INFO: cmn.c(133): CMN: 36.35  7.31  3.00  7.39 -1.07 -17.92  4.94 -0.81 -3.55  1.27 -6.62  1.68 -3.47 
utt>    67                      1068  230    0    20 14  2 5 4.147075e-12 -1.623170e+02 -3.733291e+04
INFO: cmn.c(133): CMN: 40.11  9.55  5.78  1.22 -3.89 -14.37  5.50 -1.54 -5.13 -8.31 -3.42  5.92 -6.63 
utt>    68                      1069  266    0    24 16  3 6 7.438322e-12 -1.648865e+02 -4.385981e+04
INFO: cmn.c(133): CMN: 37.18 11.04  0.84 -3.35 -8.46 -10.08  7.83  2.40 -7.42 -6.35 -7.27  6.94 -3.05 
utt>    69                      1070  205    0    20 14  3 5 4.610229e-12 -1.600723e+02 -3.281483e+04
INFO: cmn.c(133): CMN: 36.16  7.79  0.71  0.37  0.35 -8.17  2.66 -2.35  0.44 -5.35 -2.28  3.63 -3.94 
utt>    70                      1071  314    0    20 13  2 5 4.598035e-12 -1.625152e+02 -5.102979e+04
INFO: cmn.c(133): CMN: 36.18 10.38 10.80  6.81 -5.51 -13.16  8.16  4.93 -6.71  1.28 -8.52  1.22  0.10 
utt>    71                      1072  229    0    20 13  2 4 3.559897e-12 -1.628885e+02 -3.730148e+04
INFO: cmn.c(133): CMN: 39.38  4.67  2.78  2.98 -2.77 -10.91  8.13  6.10 -14.04  1.54 -3.86  0.17 -0.28 
utt>    72                      1073  317    0    24 16  3 5 4.656198e-12 -1.628618e+02 -5.162720e+04
INFO: cmn.c(133): CMN: 39.02 11.29  3.13  4.21 -4.12 -20.57  8.46  3.18 -11.13 -6.57 -0.93  4.95 -7.92 
utt>    73                      1074  301    0    28 19  3 7 6.069941e-12 -1.612099e+02 -4.852418e+04
INFO: cmn.c(133): CMN: 39.04 13.75 -1.57  3.28 -3.55 -15.57  0.62 -1.60  1.18 -7.61 -4.86  1.77 -1.84 
utt>    74                      1075  238    0    20 14  3 6 5.026720e-12 -1.598145e+02 -3.803586e+04
INFO: cmn.c(133): CMN: 34.41 11.72  2.40 -2.79 -5.82 -20.40  9.83 -1.20 -5.16 -4.15 -10.89  3.35  2.06 
utt>    75                      1076  292    0    20 14  2 5 4.205117e-12 -1.625227e+02 -4.745662e+04
INFO: cmn.c(133): CMN: 40.87 12.81  4.88  4.47 -1.19 -31.27 15.67 -7.82 -10.54 -0.18 -14.69  5.68 -1.37 
utt>    76                      1077  327    0    24 17  3 6 5.321952e-12 -1.657798e+02 -5.421000e+04
INFO: cmn.c(133): CMN: 37.72  4.52  2.86 12.11 -0.21 -13.71  0.15 -7.42  3.52 -5.07 -8.27  2.45 -3.72 
utt>    77                      1078  405    0    28 20  3 7 4.517518e-12 -1.615713e+02 -6.543639e+04
INFO: cmn.c(133): CMN: 36.39  6.49  2.08 11.79  1.79 -23.34 -0.04  1.18 -0.23 -2.75 -5.18 -1.62 -3.62 
utt>    78                      1079  368    0    24 17  3 6 4.717638e-12 -1.612771e+02 -5.934999e+04
INFO: cmn.c(133): CMN: 37.82  6.54  2.27  6.06 -0.67 -19.38  4.13 -1.29 -7.06 -0.19 -7.40  3.40 -2.08 
utt>    79                      1080  364    0    24 17  3 6 5.415353e-12 -1.660776e+02 -6.045225e+04
INFO: cmn.c(133): CMN: 45.83  6.04  4.13 -1.86 -14.23 -1.24 -11.80  0.96 -16.58  2.84 -13.50 -0.38 -11.03 
utt>    80                      3001  233    0    16 12  2 4 4.017418e-12 -1.552550e+02 -3.617440e+04
INFO: cmn.c(133): CMN: 42.70  7.28 11.34  0.53 -11.17 -6.20 -10.76  9.11 -13.82  4.26 -4.21  2.44  0.26 
utt>    81                      3002  177    0    20 15  3 7 3.913255e-12 -1.557430e+02 -2.756651e+04
INFO: cmn.c(133): CMN: 48.10  6.04 -1.76  1.64 -16.44 -8.87 -0.30 -2.20 -11.93 14.10 -4.59 -2.42 -4.43 
utt>    82                      3003  204    0    20 15  4 8 7.596038e-12 -1.552990e+02 -3.168101e+04
INFO: cmn.c(133): CMN: 48.36  9.54  3.01 -4.13 -16.96  0.05 -10.47  1.48 -16.35 12.98 -12.49 -1.40 -5.26 
utt>    83                      3004  198    0    20 15  3 7 5.518300e-12 -1.559303e+02 -3.087420e+04
INFO: cmn.c(133): CMN: 42.63  4.76 -4.06  3.86 -13.62  7.71 -13.48  1.44  0.64  2.58 -5.80 -0.67 -4.85 
utt>    84                      3005  257    0    16 12  2 4 2.289020e-12 -1.517637e+02 -3.900326e+04
INFO: cmn.c(133): CMN: 46.37  3.05  0.91 -5.31 -14.07  6.44 -18.50  2.90 -9.76  8.88 -6.72  6.12 -0.58 
utt>    85                      3006  222    0    20 14  2 5 4.869315e-12 -1.550803e+02 -3.442783e+04
INFO: cmn.c(133): CMN: 45.48  4.86 -0.83  4.64 -19.75 -2.70 -6.09  4.84 -16.47  1.72 -1.49  1.58 -4.41 
utt>    86                      3007  233    0    16 12  2 5 3.417786e-12 -1.540933e+02 -3.590373e+04
INFO: cmn.c(133): CMN: 44.73  7.13 -6.51 -1.83 -15.57 10.51 -17.55  2.26 -8.19  8.32 -3.90 -3.48 -2.30 
utt>    87                      3008  373    0    24 19  3 6 4.592066e-12 -1.533542e+02 -5.720113e+04
INFO: cmn.c(133): CMN: 44.99  7.12  1.34 -1.42 -2.73  3.04 -12.42  3.71 -11.00  0.39 -3.95 -1.65 -2.66 
utt>    88                      3009  260    0    16 11  2 4 4.148016e-12 -1.543289e+02 -4.012551e+04
INFO: cmn.c(133): CMN: 46.42  7.92  0.72 -2.11 -21.51  1.57 -6.98 -5.90 -15.44  4.03 -6.28 -4.06 -1.35 
utt>    89                      3010  267    0    20 15  3 7 5.331482e-12 -1.544415e+02 -4.123588e+04
INFO: cmn.c(133): CMN: 49.44  9.60 -3.51  4.02 -17.53 -1.64 -10.55  3.59 -20.94  6.23 -5.66 -3.23 -2.03 
utt>    90                      3011  273    0    20 15  3 6 3.774224e-12 -1.554406e+02 -4.243529e+04
INFO: cmn.c(133): CMN: 46.75 13.22 -5.31 -11.14  0.50  1.32 -22.53  0.15 -20.20  4.32 -10.15  1.78 -1.88 
utt>    91                      3012  296    0    20 14  3 6 3.150022e-12 -1.547704e+02 -4.581203e+04
INFO: cmn.c(133): CMN: 47.93 12.06 -5.54 -1.28 -10.93  4.58 -15.85 -5.50 -17.07 10.99 -13.71 -4.88 -1.44 
utt>    92                      3013  334    0    24 18  3 6 5.638003e-12 -1.551747e+02 -5.182834e+04
INFO: cmn.c(133): CMN: 45.12  8.99  4.27 -3.35 -11.60  3.47 -15.63 -4.48 -16.07  5.10 -14.81  1.99 -0.75 
utt>    93                      3014  337    0    20 16  3 6 6.230981e-12 -1.548730e+02 -5.219221e+04
INFO: cmn.c(133): CMN: 46.83  6.59  1.35  6.98 -17.18  0.95 -11.62 -0.34 -19.33  8.47 -6.76 -1.21 -0.72 
utt>    94                      3015  224    0    20 16  3 7 4.871820e-12 -1.546860e+02 -3.464966e+04
INFO: cmn.c(133): CMN: 47.62  6.43 -2.20  0.93 -13.02 -1.54 -13.71 -1.72 -13.95  4.25 -9.03 -4.20 -1.14 
utt>    95                      3016  296    0    20 15  3 6 6.127527e-12 -1.536965e+02 -4.549417e+04
INFO: cmn.c(133): CMN: 47.62  3.51 -7.12  5.79 -21.78 -1.63 -3.58  1.48 -14.72  2.00 -1.92 -1.36 -8.57 
utt>    96                      3017  249    0    20 14  2 5 6.723308e-12 -1.546271e+02 -3.850214e+04
INFO: cmn.c(133): CMN: 52.69  0.51  1.63 15.04 -23.78 -11.55 -1.02  0.05 -23.17  8.69 -5.85 12.25  0.44 
utt>    97                      3018  196    0    20 14  3 6 4.201597e-12 -1.564050e+02 -3.065538e+04
INFO: cmn.c(133): CMN: 48.07  6.27 -4.12  4.57 -20.74 -4.73 -0.92  1.00 -20.84  4.75 -2.42 -3.52 -0.83 
utt>    98                      3019  211    0    20 15  3 6 4.754185e-12 -1.538931e+02 -3.247144e+04
INFO: cmn.c(133): CMN: 49.29 11.04 -3.01 -3.53 -20.78  5.84 -12.14 -1.39 -16.57  4.55 -2.66 -1.95 -3.34 
utt>    99                      3020  315    0    24 17  3 6 5.450237e-12 -1.557362e+02 -4.905691e+04
INFO: cmn.c(133): CMN: 47.09  5.27  0.91  6.70 -16.94 -5.73 -12.42 -0.46 -19.88  8.18 -4.36 -1.74 -0.74 
utt>   100                      3021  266    0    20 15  2 5 5.690076e-12 -1.558553e+02 -4.145750e+04
INFO: cmn.c(133): CMN: 50.07 10.04 -0.38 -6.22 -21.97 -0.81 -6.77  0.45 -23.78  8.06  0.02 -5.94 -3.01 
utt>   101                      3022  202    0    24 19  5 10 6.814053e-12 -1.599582e+02 -3.231156e+04
INFO: cmn.c(133): CMN: 46.87  9.50  2.78 -5.19 -8.78 -4.71 -17.08 -0.88 -14.48  6.80 -16.33  2.42 -1.21 
utt>   102                      3023  268    0    20 15  3 5 5.974590e-12 -1.547062e+02 -4.146126e+04
INFO: cmn.c(133): CMN: 44.57  6.71  6.52 -3.67 -8.48 -7.86 -18.30 -0.86 -15.38  9.50 -15.51  7.02  5.15 
utt>   103                      3024  310    0    24 17  3 6 4.804067e-12 -1.558962e+02 -4.832782e+04
INFO: cmn.c(133): CMN: 44.93  7.41  7.93 -2.68 -6.21 -8.01 -11.38 -0.27 -19.16 11.85 -17.29  3.93 -0.52 
utt>   104                      3025  218    0    20 15  4 7 5.372614e-12 -1.544136e+02 -3.366216e+04
INFO: cmn.c(133): CMN: 43.74  9.91  8.31 -1.71 -9.89 -4.45 -15.49  0.49 -18.19  6.71 -9.88  3.07  2.65 
utt>   105                      3026  354    0    28 20  3 7 6.048373e-12 -1.560365e+02 -5.523693e+04
INFO: cmn.c(133): CMN: 49.78  3.36 -6.76  7.00 -22.63 -4.68 -9.90  2.69 -12.41  1.65 -0.83 -7.04 -0.25 
utt>   106                      3027  309    0    24 18  4 9 7.107404e-12 -1.551663e+02 -4.794640e+04
INFO: cmn.c(133): CMN: 47.97 10.28  3.30 -0.54 -20.14 -2.71 -15.89 -0.27 -19.00  9.26 -2.91 -0.73 -1.69 
utt>   107                      3028  335    0    24 16  3 6 5.715433e-12 -1.571929e+02 -5.265962e+04
INFO: cmn.c(133): CMN: 47.53  5.23  7.08  2.32 -13.66 -11.32 -17.74  5.17 -31.82 11.76 -8.70 -0.32  7.07 
utt>   108                      3029  384    0    28 22  4 7 4.704972e-12 -1.584515e+02 -6.084536e+04
INFO: cmn.c(133): CMN: 48.33 10.12  2.48  9.18 -14.25 -11.10 -12.79 -2.49 -23.83 10.82 -10.58  4.38 -0.22 
utt>   109                      3030  328    0    24 19  4 8 7.243836e-12 -1.566505e+02 -5.138138e+04
INFO: cmn.c(133): CMN: 48.71  4.14  3.77  0.77 -12.07  1.76 -22.83 -5.24 -21.80  6.31 -11.72  9.14  4.79 
utt>   110                      3031  309    0    24 19  4 7 7.391727e-12 -1.573647e+02 -4.862569e+04
INFO: cmn.c(133): CMN: 45.56  5.54 10.84 -2.50 -12.91 -0.96 -18.71 -0.65 -20.57  5.53 -4.55 10.36 -2.23 
utt>   111                      3032  282    0    28 21  4 8 7.530572e-12 -1.579144e+02 -4.453186e+04
INFO: cmn.c(133): CMN: 51.60 11.05  2.30 -7.75 -13.40  2.52 -21.58  1.14 -16.69  7.11 -14.07  6.00 -0.20 
utt>   112                      3033  253    0    24 18  4 8 6.101512e-12 -1.590963e+02 -4.025137e+04
INFO: cmn.c(133): CMN: 46.89 17.84  1.06 -9.24 -10.50  7.43 -16.59  4.88 -15.26  5.03 -13.47  1.13 -0.35 
utt>   113                      3034  298    0    24 18  4 8 5.323781e-12 -1.586817e+02 -4.728714e+04
INFO: cmn.c(133): CMN: 46.60  7.85  9.25  2.02 -13.35 -0.40 -20.95 -4.83 -19.99 14.02 -25.02  3.08  2.12 
utt>   114                      3035  266    0    28 21  4 8 7.078615e-12 -1.601089e+02 -4.258897e+04
INFO: cmn.c(133): CMN: 45.76 16.28  3.62  0.18 -20.56  2.88 -13.90 -1.37 -17.58  7.48 -10.10 -6.05 -1.64 
utt>   115                      3036  302    0    28 20  4 8 4.356114e-12 -1.553581e+02 -4.691816e+04
INFO: cmn.c(133): CMN: 45.90 10.37  7.69  4.39 -22.76  3.94 -14.40 -2.20 -20.92 10.36 -10.72  0.85  0.52 
utt>   116                      3037  310    0    24 18  3 7 7.885045e-12 -1.591079e+02 -4.932345e+04
INFO: cmn.c(133): CMN: 44.61  7.75 -0.52  4.77 -15.97 -3.71 -5.58  3.23 -18.91 -1.17 -2.69  1.67 -4.97 
utt>   117                      3038  276    0    24 18  3 6 3.499509e-12 -1.534769e+02 -4.235963e+04
INFO: cmn.c(133): CMN: 45.95 13.52  1.87 -0.66 -15.68  2.42 -13.77 -3.38 -20.89  5.12 -9.93 -2.20 -3.63 
utt>   118                      3039  315    0    24 17  3 7 8.273323e-12 -1.586321e+02 -4.996912e+04
INFO: cmn.c(133): CMN: 49.50  9.00 -0.77  2.13 -17.70  1.31 -15.14 -7.99 -19.64  9.49 -7.49  2.54  8.50 
utt>   119                      3040  258    0    24 19  4 8 6.214704e-12 -1.571391e+02 -4.054188e+04
INFO: cmn.c(133): CMN: 43.10 11.05 -3.02  3.78 -21.25  4.27 -17.11 -11.28 -5.77  5.82 -12.22  1.36 -0.50 
utt>   120                      3041  259    0    20 15  3 7 6.801466e-12 -1.554909e+02 -4.027214e+04
INFO: cmn.c(133): CMN: 48.07  7.95 -9.39 -2.89 -11.75  5.91 -22.14  6.90 -3.46  3.69 -5.69 -3.29  5.89 
utt>   121                      3042  203    0    20 15  3 7 4.695168e-12 -1.546254e+02 -3.138895e+04
INFO: cmn.c(133): CMN: 48.59  0.17  3.08  3.99 -21.21  6.55 -18.17  0.68 -11.22  3.71 -12.07  2.28 -1.99 
utt>   122                      3043  286    0    28 21  4 8 7.308952e-12 -1.578927e+02 -4.515730e+04
INFO: cmn.c(133): CMN: 43.77 13.15  3.25 -4.45 -16.26  4.97 -19.73 -4.13 -13.52  7.94 -4.81 -0.80 -2.70 
utt>   123                      3044  399    0    32 22  3 7 6.566633e-12 -1.591590e+02 -6.350443e+04
INFO: cmn.c(133): CMN: 44.65 10.43  3.65 -3.99 -10.26 -3.48 -21.08  1.00 -16.03 11.13 -9.65  1.95 -0.12 
utt>   124                      3045  348    0    24 17  3 6 4.537450e-12 -1.576626e+02 -5.486658e+04
INFO: cmn.c(133): CMN: 47.01 10.45  7.66 -7.80 -14.42  8.34 -16.99 -1.40 -13.42  7.03 -14.82  4.20  2.11 
utt>   125                      3046  336    0    28 21  4 8 8.652778e-12 -1.586319e+02 -5.330032e+04
INFO: cmn.c(133): CMN: 49.96  9.45  3.21 -5.51 -18.47  0.19 -14.55 -7.81 -20.16  8.97  0.30 -4.40  8.70 
utt>   126                      3047  279    0    24 19  4 8 6.491488e-12 -1.572904e+02 -4.388401e+04
INFO: cmn.c(133): CMN: 38.96  5.50  5.23  3.48 -8.46 -5.68 -21.35  1.08 -18.85  4.33 -4.24  3.82  4.84 
utt>   127                      3048  374    0    24 19  3 7 8.133146e-12 -1.555826e+02 -5.818791e+04
INFO: cmn.c(133): CMN: 41.72  8.11  3.37  2.99 -13.13  3.73 -15.07 -6.49 -11.24  6.27 -9.33  2.12  6.25 
utt>   128                      3049  296    0    24 18  3 6 6.458565e-12 -1.572981e+02 -4.656025e+04
INFO: cmn.c(133): CMN: 40.45  7.28  3.35 -1.67 -13.73  0.88 -17.82 -2.68 -11.27  5.64 -6.99  3.68  2.93 
utt>   129                      3050  361    0    28 19  3 7 7.742116e-12 -1.577295e+02 -5.694033e+04
INFO: cmn.c(133): CMN: 50.95  9.77  5.92 -9.66 -16.29  1.44 -26.27  3.66 -12.45  7.26 -14.40 -1.93  2.38 
utt>   130                      3051  224    0    20 15  3 6 5.766376e-12 -1.578776e+02 -3.536459e+04
INFO: cmn.c(133): CMN: 46.01  8.76  3.73 10.43 -11.48 -5.62 -10.33  0.26 -10.91  6.67 -10.69  2.35  0.31 
utt>   131                      3052  283    0    20 16  3 6 5.704655e-12 -1.554082e+02 -4.398051e+04
INFO: cmn.c(133): CMN: 52.30  5.11  0.95  3.91 -24.57  6.51 -21.13 -2.03 -14.97 14.58 -3.67  5.87  3.82 
utt>   132                      3053  322    0    24 19  3 7 5.836383e-12 -1.571381e+02 -5.059847e+04
INFO: cmn.c(133): CMN: 51.71  9.77  6.84 10.62 -13.81  1.18 -15.79 -5.16 -16.19  6.97  0.63  6.29  3.81 
utt>   133                      3054  411    0    32 23  4 9 7.895077e-12 -1.575150e+02 -6.473867e+04
INFO: cmn.c(133): CMN: 54.41  6.66  3.54 11.73 -13.69 -3.19 -19.49 -4.68 -15.21 12.66 -1.56  1.08  1.28 
utt>   134                      3055  327    0    28 20  4 8 6.294055e-12 -1.580809e+02 -5.169245e+04
INFO: cmn.c(133): CMN: 54.16 10.34 -2.03  3.59 -16.58  4.06 -23.77  0.58 -4.56  7.80 -9.24  8.54  0.76 
utt>   135                      3056  255    0    20 15  3 6 6.174973e-12 -1.595053e+02 -4.067386e+04
INFO: cmn.c(133): CMN: 50.93  9.51 -0.49 -1.05 -14.14 -3.90 -20.84  3.09 -6.85 12.75 -14.00 12.00 -0.59 
utt>   136                      3057  258    0    24 18  3 7 6.699557e-12 -1.566899e+02 -4.042599e+04
INFO: cmn.c(133): CMN: 48.05  8.97  8.33  4.36 -15.49 -1.74 -14.93  3.23 -10.85 10.41 -7.10  6.31  4.01 
utt>   137                      3058  290    0    24 18  3 7 9.938566e-12 -1.538376e+02 -4.461289e+04
INFO: cmn.c(133): CMN: 57.09 11.98 -1.04 -6.50 -18.67  2.69 -20.89  4.99 -12.00 23.35 -15.29  5.88  1.26 
utt>   138                      3059  203    0    20 16  4 7 5.675364e-12 -1.583431e+02 -3.214366e+04
INFO: cmn.c(133): CMN: 54.52 13.88 -1.44 -3.02 -21.28 10.37 -18.56 -8.07 -3.95 11.80 -13.13  7.65 -0.51 
utt>   139                      3060  190    0    20 16  3 7 8.449506e-12 -1.596816e+02 -3.033950e+04
INFO: cmn.c(133): CMN: 51.78 17.66 -1.11  0.64 -9.97 -11.09 -19.17  8.76 -1.05  8.10 -13.76 16.59  4.79 
utt>   140                      3061  210    0    20 14  3 6 4.726497e-12 -1.567055e+02 -3.290816e+04
INFO: cmn.c(133): CMN: 47.05 12.58  1.88 -5.20 -22.73 -1.19 -20.69  3.05 -17.19 12.91 -8.62  3.34  0.92 
utt>   141                      3062  252    0    24 17  3 7 6.195603e-12 -1.585540e+02 -3.995561e+04
INFO: cmn.c(133): CMN: 42.58 11.24 10.57 -3.84 -22.03 -2.47 -17.54  1.27 -17.82  8.99 -7.10  0.06 -2.31 
utt>   142                      3063  277    0    24 17  3 6 6.281985e-12 -1.571776e+02 -4.353820e+04
INFO: cmn.c(133): CMN: 47.29 14.54  6.05 -8.53 -9.11 -8.08 -19.90  8.16 -20.39 15.52 -15.86  1.65  1.75 
utt>   143                      3064  309    0    24 16  3 6 4.892642e-12 -1.590135e+02 -4.913516e+04
INFO: cmn.c(133): CMN: 38.24 11.06  4.43 -7.39 -16.87 -3.83 -14.68  3.82 -7.01  1.18 -5.23 -0.00 -1.76 
utt>   144                      3065  373    0    20 17  3 5 4.533501e-12 -1.521966e+02 -5.676933e+04
INFO: cmn.c(133): CMN: 42.49 12.74  5.98 -7.09 -12.82 -2.54 -21.12  4.72 -11.51  3.48 -6.43  5.30 -1.20 
utt>   145                      3066  461    0    28 21  3 6 4.724950e-12 -1.542068e+02 -7.108933e+04
INFO: cmn.c(133): CMN: 42.19 12.45  5.39 -3.67 -17.35  0.56 -17.98 -0.97 -11.04  6.95 -6.11  5.40 -0.49 
utt>   146                      3067  336    0    20 15  3 5 5.715739e-12 -1.546884e+02 -5.197530e+04
INFO: cmn.c(133): CMN: 45.36  7.21  6.12 -3.37 -19.42  0.79 -15.59  1.30 -13.97  8.02 -5.53  3.74  0.65 
utt>   147                      3068  264    0    20 14  3 6 3.449440e-12 -1.567007e+02 -4.136898e+04
INFO: cmn.c(133): CMN: 49.49  8.63  2.27 -9.40 -16.37 -2.79 -15.46  2.46 -13.77  0.71 -8.76 -5.40 -4.76 
utt>   148                      3069  452    0    24 20  3 7 6.935908e-12 -1.546393e+02 -6.989697e+04
INFO: cmn.c(133): CMN: 40.48 13.69 -1.28 -11.59 -18.54  4.78 -16.38  0.41 -14.58  2.36 -2.65  4.17 -2.04 
utt>   149                      3070  257    0    20 15  3 6 7.677101e-12 -1.531798e+02 -3.936722e+04
INFO: cmn.c(133): CMN: 48.77  3.57 -3.85 -3.73 -18.06  0.77 -16.76 -3.40 -7.79 10.55 -7.47  2.47 -0.54 
utt>   150                      3071  355    0    20 14  2 5 4.047909e-12 -1.588980e+02 -5.640880e+04
INFO: cmn.c(133): CMN: 44.59 20.01  4.34 -4.97 -14.48  5.67 -15.32  6.69 -12.83  3.43 -11.49  0.78 -0.78 
utt>   151                      3072  262    0    20 15  3 5 4.859911e-12 -1.546506e+02 -4.051846e+04
INFO: cmn.c(133): CMN: 49.42 11.04  3.30  0.08 -16.69  3.53 -8.93  4.65 -17.56 15.85 -13.19  4.00 -1.66 
utt>   152                      3073  344    0    24 17  3 6 7.139695e-12 -1.574223e+02 -5.415329e+04
INFO: cmn.c(133): CMN: 48.18 16.23  7.38 -17.30 -12.07  2.46 -16.35  7.09 -15.67  8.02 -13.31  3.63 -7.23 
utt>   153                      3074  338    0    28 20  4 8 6.155407e-12 -1.575897e+02 -5.326532e+04
INFO: cmn.c(133): CMN: 48.96 10.00 -1.65  3.24 -23.02  0.39 -12.91 -1.26 -17.00  5.44 -9.84 -4.36 -4.46 
utt>   154                      3075  288    0    20 15  3 6 1.049805e-11 -1.557582e+02 -4.485838e+04
INFO: cmn.c(133): CMN: 46.60 14.47 -6.52 -11.14 -21.66  2.33 -13.45  3.84 -5.11  4.27 -8.11  5.08 -2.95 
utt>   155                      3076  212    0    20 18  3 7 5.837112e-12 -1.544119e+02 -3.273532e+04
INFO: cmn.c(133): CMN: 49.80 16.91 -1.43 -3.78 -22.25  2.30 -14.90 -2.12 -16.08  7.83 -4.59 -1.45 10.53 
utt>   156                      3077  328    0    24 18  4 8 6.823760e-12 -1.574442e+02 -5.164171e+04
INFO: cmn.c(133): CMN: 51.62  5.06  0.32 -1.69 -5.44 -2.73 -24.48 13.62 -12.96  3.36  8.16 -3.13  1.40 
utt>   157                      3078  360    0    28 21  4 8 7.034468e-12 -1.589692e+02 -5.722892e+04
INFO: cmn.c(133): CMN: 48.35  5.18  3.62  2.41 -15.46 -12.67 -17.49  8.76 -22.83 13.14 -8.91  2.83  0.34 
utt>   158                      3079  326    0    24 19  4 8 5.943460e-12 -1.561641e+02 -5.090951e+04
INFO: cmn.c(133): CMN: 46.49  8.52 -5.65 -0.46 -12.33 -4.48 -12.96  9.79 -23.21  9.32 -0.25  0.14  0.26 
utt>   159                      3080  406    0    24 16  4 7 4.307784e-12 -1.571810e+02 -6.381548e+04
INFO: cmn.c(133): CMN: 62.60 11.00 -10.43  6.52 -1.36 12.97 -7.89 -10.13 -13.21 13.37  0.05  1.80 13.02 
utt>   160                      4001  239    0    16 13  2 5 6.086168e-12 -1.533266e+02 -3.664507e+04
INFO: cmn.c(133): CMN: 61.80 14.88 -9.05  4.47 -0.17  8.21 -8.15 -8.01 -8.49  9.19 -1.70  0.83  9.93 
utt>   161                      4002  227    0    20 15  3 7 6.454794e-12 -1.546732e+02 -3.511081e+04
INFO: cmn.c(133): CMN: 68.74 14.18 -18.75 -2.25 -0.02 14.11 -9.60 -4.06 -2.67 10.14  1.21  2.75  6.53 
utt>   162                      4003  248    0    20 15  3 7 5.696512e-12 -1.554525e+02 -3.855221e+04
INFO: cmn.c(133): CMN: 64.03 13.66 -14.71 -2.79 -0.50 13.07 -4.14 -2.50 -5.54  9.56  3.13 -2.27  2.95 
utt>   163                      4004  341    0    20 16  2 5 4.669880e-12 -1.523061e+02 -5.193637e+04
INFO: cmn.c(133): CMN: 63.90 11.65 -15.44 -3.60 -0.76  9.02 -7.27 -3.45 -5.12 10.70 -0.95 -2.85  6.04 
utt>   164                      4005  236    0    16 11  2 5 5.809172e-12 -1.503253e+02 -3.547677e+04
INFO: cmn.c(133): CMN: 60.82 12.68 -10.83  2.43 -0.57  8.56 -5.31 -2.17 -10.73  3.22  4.11  4.93  4.22 
utt>   165                      4006  304    0    20 14  2 5 3.938807e-12 -1.518387e+02 -4.615896e+04
INFO: cmn.c(133): CMN: 66.45 10.54 -11.64 -3.19  0.71 12.32 -6.17 -6.06 -7.77  5.76  4.44  0.17  8.06 
utt>   166                      4007  194    0    16 12  2 5 3.785937e-12 -1.537379e+02 -2.982516e+04
INFO: cmn.c(133): CMN: 70.07 13.13 -16.53  0.69 -0.52 15.38 -9.95 -1.79 -5.28  7.69  2.51  1.65 10.35 
utt>   167                      4008  330    0    24 20  3 7 7.451145e-12 -1.535618e+02 -5.067540e+04
INFO: cmn.c(133): CMN: 65.21 12.80 -11.63  1.93  4.91 11.85 -3.64 -4.40 -3.65  5.50  4.18  1.65  5.41 
utt>   168                      4009  202    0    16 13  4 8 5.321352e-12 -1.529571e+02 -3.089733e+04
INFO: cmn.c(133): CMN: 61.21 13.67 -14.28  2.24  1.49  8.78 -3.34 -2.26 -6.08 12.08  3.50 -0.50  7.00 
utt>   169                      4010  246    0    20 15  3 7 5.068725e-12 -1.521741e+02 -3.743483e+04
INFO: cmn.c(133): CMN: 63.64 12.03 -13.73  2.47  3.79  9.31 -6.86 -2.20 -6.04  6.33  4.53  3.01  5.58 
utt>   170                      4011  231    0    20 16  3 7 7.121636e-12 -1.528074e+02 -3.529850e+04
INFO: cmn.c(133): CMN: 65.56 13.76 -17.55 -0.00  0.91 12.21 -8.53 -3.96 -2.08  9.40  0.79  5.59  9.25 
utt>   171                      4012  260    0    20 15  3 7 4.525424e-12 -1.527127e+02 -3.970531e+04
INFO: cmn.c(133): CMN: 64.54 17.08 -13.72  4.15  0.71 11.51 -6.93 -7.20 -2.10 13.88  2.47  2.86  9.69 
utt>   172                      4013  305    0    24 18  4 7 7.810492e-12 -1.543564e+02 -4.707871e+04
INFO: cmn.c(133): CMN: 61.63 12.50 -12.30  8.69 -1.20 12.87 -0.26 -3.64 -8.97 13.49  3.38  0.91 11.32 
utt>   173                      4014  241    0    20 15  3 6 5.502201e-12 -1.546363e+02 -3.726734e+04
INFO: cmn.c(133): CMN: 59.44 15.80 -10.02  5.21  4.22  8.78 -0.95 -1.53 -9.61  9.75  3.26  1.51 11.02 
utt>   174                      4015  234    0    20 14  3 7 3.375545e-12 -1.534197e+02 -3.590022e+04
INFO: cmn.c(133): CMN: 61.52 12.60 -7.88 -1.00  0.64 13.65 -4.45 -2.84 -2.25 11.38 -1.49  0.37  6.24 
utt>   175                      4016  206    0    20 15  3 6 5.807188e-12 -1.549890e+02 -3.192773e+04
INFO: cmn.c(133): CMN: 67.91 10.51 -18.71 -4.65 -2.30 15.53 -0.66  2.17 -5.20 12.79  2.09  0.87  0.54 
utt>   176                      4017  210    0    20 16  3 7 8.787085e-12 -1.548183e+02 -3.251185e+04
INFO: cmn.c(133): CMN: 61.65 15.73 -9.90  6.81 -3.63 10.76 -5.12 -3.16 -14.71  2.78  1.19  1.37 10.91 
utt>   177                      4018  230    0    20 14  2 5 3.565074e-12 -1.522475e+02 -3.501692e+04
INFO: cmn.c(133): CMN: 62.50 10.76 -12.87  3.56 -0.23 12.41 -1.78 -0.95 -7.30  9.51  0.44 -1.29  8.23 
utt>   178                      4019  255    0    20 16  3 6 5.555695e-12 -1.529715e+02 -3.900772e+04
INFO: cmn.c(133): CMN: 64.02 14.72 -14.30 -7.83  0.66 12.06 -3.76 -2.69 -6.77  3.73  0.36 -1.78  2.82 
utt>   179                      4020  318    0    24 19  3 7 4.797796e-12 -1.542975e+02 -4.906662e+04
INFO: cmn.c(133): CMN: 63.96  7.95 -11.53  8.86  0.90  3.75 -6.82 -2.56 -10.19  6.63 -3.44  1.28  8.85 
utt>   180                      4021  250    0    20 15  3 7 7.732340e-12 -1.560276e+02 -3.900690e+04
INFO: cmn.c(133): CMN: 66.33 12.48 -15.07 -1.99 -3.02 11.36 -3.28 -1.74 -10.56  5.94  3.33  1.46  5.36 
utt>   181                      4022  318    0    24 19  5 11 6.026236e-12 -1.544007e+02 -4.909942e+04
INFO: cmn.c(133): CMN: 65.77 12.09 -12.44  3.09 -4.34  9.06 -10.94 -2.52 -9.30  5.99 -0.45  3.96  8.92 
utt>   182                      4023  249    0    20 15  3 6 5.085042e-12 -1.541037e+02 -3.837181e+04
INFO: cmn.c(133): CMN: 65.05  7.94 -14.70  5.74 -0.61  7.32 -6.69 -2.24 -11.44  6.29  5.51  0.60  6.96 
utt>   183                      4024  321    0    24 17  3 6 4.307005e-12 -1.557028e+02 -4.998061e+04
INFO: cmn.c(133): CMN: 63.12 11.94 -9.72  8.66 -4.92  5.91 -0.66 -0.63 -14.15 12.35  4.85 -0.96  8.35 
utt>   184                      4025  270    0    20 14  3 7 8.583253e-12 -1.546710e+02 -4.176118e+04
INFO: cmn.c(133): CMN: 61.13 15.61 -5.47 -1.05 -5.20 10.01 -5.29 -3.24 -11.12  3.93  1.81  2.24  9.32 
utt>   185                      4026  360    0    28 21  3 7 4.417371e-12 -1.552341e+02 -5.588428e+04
INFO: cmn.c(133): CMN: 63.01 10.11 -17.68  2.41 -1.90  6.33 -9.06 -1.45 -3.37  9.55 -1.09  0.89  9.41 
utt>   186                      4027  349    0    24 19  4 8 6.444572e-12 -1.542961e+02 -5.384935e+04
INFO: cmn.c(133): CMN: 62.31 16.14 -9.20  0.04 -1.34 12.15 -6.20 -7.56 -3.86  6.83 -0.87  1.65  4.04 
utt>   187                      4028  403    0    24 15  3 6 4.444024e-12 -1.544855e+02 -6.225766e+04
INFO: cmn.c(133): CMN: 66.20 10.33 -8.62  8.07 -2.36 10.47 -7.49 -5.92 -11.80  5.29  2.41  1.14 11.41 
utt>   188                      4029  394    0    28 20  3 7 5.470052e-12 -1.549854e+02 -6.106425e+04
INFO: cmn.c(133): CMN: 63.13 13.19 -8.97  7.68 -1.40 12.90 -2.91 -4.16 -10.03  9.69  4.47  1.99  9.00 
utt>   189                      4030  427    0    24 18  3 6 4.702361e-12 -1.550619e+02 -6.621142e+04
INFO: cmn.c(133): CMN: 63.36 13.88 -10.29  4.48 -0.53 13.02 -4.14 -5.18 -9.25  5.05  1.01  1.60  9.76 
utt>   190                      4031  365    0    24 18  4 7 4.999620e-12 -1.577175e+02 -5.756690e+04
INFO: cmn.c(133): CMN: 64.03 10.18 -12.64  5.93 -3.08 12.32 -3.43 -4.55 -8.74  6.57  1.31 -1.23  6.93 
utt>   191                      4032  336    0    28 20  3 7 5.889049e-12 -1.560892e+02 -5.244596e+04
INFO: cmn.c(133): CMN: 64.55 14.61 -11.42  1.27 -4.93 10.25 -4.33 -4.96 -11.44  6.05  1.88  3.25  7.16 
utt>   192                      4033  358    0    24 18  3 7 8.601706e-12 -1.554040e+02 -5.563462e+04
INFO: cmn.c(133): CMN: 65.92 12.71 -11.87  3.69 -1.00 11.16 -6.75 -2.78 -8.29  7.15 -0.58  0.52  8.77 
utt>   193                      4034  444    0    24 18  3 7 5.473729e-12 -1.560648e+02 -6.929276e+04
INFO: cmn.c(133): CMN: 65.73 11.74 -10.51  8.05 -0.20 10.88 -7.77 -3.96 -14.05  4.11  0.59  0.31  7.61 
utt>   194                      4035  401    0    28 21  3 7 1.054792e-11 -1.570224e+02 -6.296598e+04
INFO: cmn.c(133): CMN: 64.07 15.96 -10.57 -4.53 -3.70 16.37 -2.60 -3.27 -11.75  8.10  0.45 -5.73  7.08 
utt>   195                      4036  385    0    28 21  3 5 3.323860e-12 -1.547563e+02 -5.958118e+04
INFO: cmn.c(133): CMN: 67.85 16.45 -10.42  5.79 -7.26 13.63 -3.17 -6.66 -15.62  5.60  2.44 -0.92 11.16 
utt>   196                      4037  345    0    24 18  3 7 6.375223e-12 -1.583026e+02 -5.461439e+04
INFO: cmn.c(133): CMN: 64.33 12.99 -15.80 -2.25 -1.99  7.69 -6.24 -2.09 -6.59  4.51  0.83  2.54  7.12 
utt>   197                      4038  345    0    24 16  3 5 6.845581e-12 -1.546714e+02 -5.336162e+04
INFO: cmn.c(133): CMN: 66.11 16.19 -10.46  2.93 -2.82 15.06 -3.93 -5.23 -8.38  7.87  1.99 -2.06  6.34 
utt>   198                      4039  357    0    24 18  3 7 5.837326e-12 -1.556077e+02 -5.555197e+04
INFO: cmn.c(133): CMN: 65.37 16.50 -9.98  0.35 -1.70 12.91 -6.46 -7.86 -5.96  6.72  1.99  2.85  7.70 
utt>   199                      4040  292    0    24 19  4 8 7.329548e-12 -1.549455e+02 -4.524408e+04
INFO: cmn.c(133): CMN: 59.11 11.85 -11.30 -0.52 -1.39  5.23 -9.57 -5.75 -7.23  6.35  0.39  3.26  5.39 
utt>   200                      4041  403    0    20 14  3 6 4.718663e-12 -1.516484e+02 -6.111430e+04
INFO: cmn.c(133): CMN: 73.65  9.52 -20.62 -4.63 -5.13 16.80 -9.26 -3.03 -0.32  4.92 -1.22  1.85  8.04 
utt>   201                      4042  232    0    20 14  3 6 4.778409e-12 -1.557046e+02 -3.612347e+04
INFO: cmn.c(133): CMN: 69.19 11.61 -13.90  4.53 -5.79 12.17 -9.29 -5.65 -10.62  8.46  2.03  4.06 11.32 
utt>   202                      4043  395    0    28 19  3 7 6.094788e-12 -1.564731e+02 -6.180686e+04
INFO: cmn.c(133): CMN: 70.03 14.40 -12.48  4.14 -3.34 13.42 -9.66 -8.34 -9.55  5.90  2.21  5.17 11.37 
utt>   203                      4044  477    0    32 21  3 7 6.350080e-12 -1.561126e+02 -7.446573e+04
INFO: cmn.c(133): CMN: 67.85 15.14 -10.16  5.24 -4.47 17.35 -3.26 -6.96 -15.66  7.03  1.76 -1.63  7.76 
utt>   204                      4045  368    0    24 17  3 6 5.345193e-12 -1.559653e+02 -5.739524e+04
INFO: cmn.c(133): CMN: 63.64 13.27 -14.23 -0.13  2.84 12.01 -4.53 -1.10 -9.33  1.51  1.48  2.70  6.18 
utt>   205                      4046  499    0    28 19  3 7 5.081599e-12 -1.552221e+02 -7.745582e+04
INFO: cmn.c(133): CMN: 63.96 12.58 -11.59 -3.68 -0.09 15.47 -3.11 -0.55 -6.98  2.75  1.73  1.34 -0.22 
utt>   206                      4047  469    0    24 17  3 5 6.550359e-12 -1.538358e+02 -7.214898e+04
INFO: cmn.c(133): CMN: 61.85  8.68 -9.61  6.03 -3.19 10.91 -2.45  0.16 -8.83  5.39  0.94  1.85  7.18 
utt>   207                      4048  467    0    24 16  3 5 4.580073e-12 -1.539647e+02 -7.190150e+04
INFO: cmn.c(133): CMN: 67.64  9.79 -15.07  3.27  0.13 14.81 -5.62 -0.67 -4.74  5.60  0.47  0.82  6.23 
utt>   208                      4049  385    0    24 17  3 6 4.945204e-12 -1.557712e+02 -5.997190e+04
INFO: cmn.c(133): CMN: 69.11  9.14 -13.19  5.00 -0.00 14.78 -4.82 -4.79 -8.43  8.93  2.62  5.06  7.60 
utt>   209                      4050  437    0    28 20  3 7 8.593804e-12 -1.560165e+02 -6.817919e+04
INFO: cmn.c(133): CMN: 70.94  9.72 -13.23  3.45 -3.15 14.63 -7.55 -2.04 -3.65  3.78  0.71  6.05  8.01 
utt>   210                      4051  352    0    20 14  3 6 5.306605e-12 -1.546594e+02 -5.444012e+04
INFO: cmn.c(133): CMN: 65.05  6.51 -13.00 10.97 -4.61  5.16 -3.39  3.14 -7.58  2.42  1.95  3.12  6.70 
utt>   211                      4052  321    0    20 14  3 5 6.205142e-12 -1.536794e+02 -4.933109e+04
INFO: cmn.c(133): CMN: 66.98 13.07 -13.61  3.85 -2.30  8.94 -3.49  2.98 -9.77  5.51  3.28  2.30  3.68 
utt>   212                      4053  353    0    24 18  3 6 6.116335e-12 -1.557722e+02 -5.498760e+04
INFO: cmn.c(133): CMN: 66.94 11.60 -8.89  5.20 -4.51 12.26 -4.16 -1.82 -7.93  7.27  1.29  1.03  2.61 
utt>   213                      4054  521    0    32 24  4 9 6.612602e-12 -1.571710e+02 -8.188610e+04
INFO: cmn.c(133): CMN: 66.33 12.50 -11.92  7.73 -2.71 12.34 -0.92 -3.77 -10.50  7.26  3.15  1.08  4.90 
utt>   214                      4055  438    0    28 21  4 8 5.372342e-12 -1.566521e+02 -6.861363e+04
INFO: cmn.c(133): CMN: 64.96  8.84 -11.57 -1.62 -5.19 11.33 -3.40 -4.05 -7.99  6.04 -2.39  1.88  5.14 
utt>   215                      4056  322    0    20 14  2 5 3.494756e-12 -1.561887e+02 -5.029276e+04
INFO: cmn.c(133): CMN: 68.25 12.86 -14.37  5.85 -0.19 11.41 -5.27 -2.37 -1.94  8.97 -1.04  3.84  5.75 
utt>   216                      4057  308    0    24 20  4 8 6.048070e-12 -1.546475e+02 -4.763143e+04
INFO: cmn.c(133): CMN: 63.49 14.93 -3.94 10.77 -1.17  7.83 -4.42  0.34 -13.30  4.96  2.83  1.00  5.38 
utt>   217                      4058  284    0    24 19  4 9 1.180680e-11 -1.537400e+02 -4.366215e+04
INFO: cmn.c(133): CMN: 69.86 18.33 -13.84  0.82  2.32 11.97 -8.57 -4.46 -7.04  7.55 -2.22 -1.21  5.01 
utt>   218                      4059  245    0    20 18  6 12 9.468521e-12 -1.557888e+02 -3.816826e+04
INFO: cmn.c(133): CMN: 70.50 14.79 -15.67 -6.18  0.70 18.45 -7.07 -2.89 -0.99  4.67  2.19 -0.61  0.30 
utt>   219                      4060  229    0    20 16  3 7 6.268647e-12 -1.579797e+02 -3.617736e+04
INFO: cmn.c(133): CMN: 63.90 16.88 -12.41 -1.37 -0.44 15.16 -1.12 -0.50 -2.15  7.03  1.43  3.42 -2.21 
utt>   220                      4061  270    0    20 16  3 7 6.994657e-12 -1.544796e+02 -4.170950e+04
INFO: cmn.c(133): CMN: 64.74 12.08 -10.81  5.84 -2.84  7.43 -3.54 -4.78 -13.03  5.12 -1.76  2.16  3.28 
utt>   221                      4062  297    0    24 17  3 6 6.391000e-12 -1.553884e+02 -4.615034e+04
INFO: cmn.c(133): CMN: 60.70  7.92 -5.47  7.57 -1.81  9.46 -1.78 -2.21 -10.97  4.13 -0.87 -0.56  3.33 
utt>   222                      4063  354    0    24 17  2 5 5.803128e-12 -1.555552e+02 -5.506655e+04
INFO: cmn.c(133): CMN: 66.00 10.56 -10.17  5.08 -3.13 10.80 -2.99  0.45 -9.75  7.23  0.40 -0.98  1.95 
utt>   223                      4064  407    0    24 16  3 6 5.219979e-12 -1.558001e+02 -6.341065e+04
INFO: cmn.c(133): CMN: 60.35 15.03 -4.01  1.02  1.26 10.87 -2.78  0.42 -6.67  1.45 -1.31 -3.32  0.13 
utt>   224                      4065  272    0    20 15  3 5 6.289427e-12 -1.523899e+02 -4.145004e+04
INFO: cmn.c(133): CMN: 65.14 11.21 -9.43  6.93  2.18 13.29 -2.57  1.85 -7.29  7.71  3.55  6.24 10.79 
utt>   225                      4066  399    0    28 20  4 9 7.022829e-12 -1.535430e+02 -6.126367e+04
INFO: cmn.c(133): CMN: 65.69 12.08 -16.95  0.55 -1.76 11.65 -3.50  0.27 -9.61  6.29  3.07  1.83  4.66 
utt>   226                      4067  300    0    20 15  3 6 4.999238e-12 -1.544519e+02 -4.633557e+04
INFO: cmn.c(133): CMN: 63.02 10.46 -10.95  3.47 -2.10 11.55 -2.64  3.34 -7.04  6.31  1.39  2.73  6.71 
utt>   227                      4068  292    0    20 14  3 5 5.999457e-12 -1.548572e+02 -4.521830e+04
INFO: cmn.c(133): CMN: 66.13 12.28 -11.08 -4.53 -3.56 16.15 -3.14 -6.85 -10.93  4.49  1.97  3.11  8.11 
utt>   228                      4069  323    0    24 18  4 7 4.908270e-12 -1.563836e+02 -5.051189e+04
INFO: cmn.c(133): CMN: 63.41 16.21 -10.32 -10.77 -4.97 22.56  3.40 -3.20 -3.95  7.05 -0.12 -0.48 -0.63 
utt>   229                      4070  253    0    20 15  3 6 7.115387e-12 -1.527497e+02 -3.864566e+04
INFO: cmn.c(133): CMN: 65.72 11.28 -11.48  2.38 -3.28 12.75 -6.19 -6.77 -7.84  4.87  0.31  2.03  3.94 
utt>   230                      4071  331    0    20 15  3 5 5.527743e-12 -1.549096e+02 -5.127508e+04
INFO: cmn.c(133): CMN: 62.39 16.45 -2.93  6.74 -0.56 17.73  5.41 -0.46 -6.10  9.07 -3.59  2.12  2.38 
utt>   231                      4072  251    0    20 16  3 6 6.166689e-12 -1.543887e+02 -3.875156e+04
INFO: cmn.c(133): CMN: 71.68 12.32 -1.89 10.06 -6.87 17.29 -6.60 -3.37 -9.65 10.63 -1.53 -6.18 -0.78 
utt>   232                      4073  376    0    24 20  4 8 6.886653e-12 -1.549520e+02 -5.826197e+04
INFO: cmn.c(133): CMN: 66.66 14.33 -7.95  3.50 -7.13 15.28 -1.29 -3.34 -12.84  9.79  1.99 -0.84  3.67 
utt>   233                      4074  396    0    28 21  3 7 8.678130e-12 -1.536908e+02 -6.086157e+04
INFO: cmn.c(133): CMN: 66.21 11.10 -11.75  3.74 -2.99  8.17 -4.66  1.73 -5.93  8.41  1.14 -0.49  3.76 
utt>   234                      4075  313    0    20 15  4 8 7.201452e-12 -1.542606e+02 -4.828357e+04
INFO: cmn.c(133): CMN: 66.54 15.01 -15.62 -9.63 -12.34 15.18  1.63 -4.25 -9.60  4.58  4.62  4.55  4.10 
utt>   235                      4076  295    0    20 16  2 4 4.022486e-12 -1.540275e+02 -4.543811e+04
INFO: cmn.c(133): CMN: 65.48 13.00 -10.54  1.06 -6.28 15.16 -1.53 -8.19 -9.37  5.70  2.42  2.46  7.53 
utt>   236                      4077  384    0    24 17  3 7 6.265914e-12 -1.576652e+02 -6.054343e+04
INFO: cmn.c(133): CMN: 64.07  8.84 -9.62  8.52 -5.76 10.11 -2.95 -4.27 -10.67  5.38  1.46  1.19  7.25 
utt>   237                      4078  403    0    28 20  4 8 6.884072e-12 -1.565738e+02 -6.309926e+04
INFO: cmn.c(133): CMN: 64.59 11.31 -15.11  6.33 -3.26  7.52 -5.83  3.83 -5.57  7.17  0.92  4.16  5.05 
utt>   238                      4079  450    0    24 18  4 8 7.618528e-12 -1.542957e+02 -6.943306e+04
INFO: cmn.c(133): CMN: 65.62 13.03 -10.42  0.23 -3.40 14.25 -0.71 -3.18 -12.45  4.21  0.94  2.99  0.98 
utt>   239                      4080  420    0    24 16  3 6 5.305466e-12 -1.570073e+02 -6.594307e+04
overall> stats 71919 (-0) -1.579643e+02 -1.136064e+07

INFO: s3mixw_io.c(233): Wrote C:/Users/farha/Desktop/sphinx/other/bwaccumdir/other_buff_1/mixw_counts [753x1x1 array]
INFO: s3tmat_io.c(176): Wrote C:/Users/farha/Desktop/sphinx/other/bwaccumdir/other_buff_1/tmat_counts [251x3x4 array]
INFO: s3gau_io.c(485): Wrote C:/Users/farha/Desktop/sphinx/other/bwaccumdir/other_buff_1/gauden_counts with means with vars (2pass) [753x1x1 vector arrays]
INFO: main.c(999): Counts saved to C:/Users/farha/Desktop/sphinx/other/bwaccumdir/other_buff_1
Sun Jan 10 23:30:16 2021
